Log file open, 05/22/19 13:42:19
LogWindows: Failed to load 'aqProf.dll' (GetLastError=126)
LogWindows: File 'aqProf.dll' does not exist
LogWindows: Failed to load 'VtuneApi.dll' (GetLastError=126)
LogWindows: File 'VtuneApi.dll' does not exist
LogWindows: Failed to load 'VtuneApi32e.dll' (GetLastError=126)
LogWindows: File 'VtuneApi32e.dll' does not exist
LogConsoleResponse: Display: Failed to find resolution value strings in scalability ini. Falling back to default.
LogInit: Display: Running engine for game: MyProject
LogPakFile: Registered encryption key '00000000000000000000000000000000': 0 pak files mounted, 0 remain pending
LogPlatformFile: Not using cached read wrapper
LogTaskGraph: Started task graph with 5 named threads and 23 total threads with 3 sets of task threads.
LogStats: Stats thread started at 0.294378
LogD3D11RHI: Loaded GFSDK_Aftermath_Lib.x64.dll
LogICUInternationalization: ICU TimeZone Detection - Raw Offset: +1:00, Platform Override: ''
LogPluginManager: Mounting plugin Paper2D
LogPluginManager: Mounting plugin AISupport
LogPluginManager: Mounting plugin LightPropagationVolume
LogPluginManager: Mounting plugin ActorLayerUtilities
LogPluginManager: Mounting plugin AnimationSharing
LogPluginManager: Mounting plugin CLionSourceCodeAccess
LogPluginManager: Mounting plugin CodeLiteSourceCodeAccess
LogPluginManager: Mounting plugin GitSourceControl
LogPluginManager: Mounting plugin KDevelopSourceCodeAccess
LogPluginManager: Mounting plugin NullSourceCodeAccess
LogPluginManager: Mounting plugin PerforceSourceControl
LogPluginManager: Mounting plugin SubversionSourceControl
LogPluginManager: Mounting plugin UObjectPlugin
LogPluginManager: Mounting plugin VisualStudioCodeSourceCodeAccess
LogPluginManager: Mounting plugin VisualStudioSourceCodeAccess
LogPluginManager: Mounting plugin XCodeSourceCodeAccess
LogPluginManager: Mounting plugin AssetManagerEditor
LogPluginManager: Mounting plugin CryptoKeys
LogPluginManager: Mounting plugin DataValidation
LogPluginManager: Mounting plugin FacialAnimation
LogPluginManager: Mounting plugin GameplayTagsEditor
LogPluginManager: Mounting plugin MacGraphicsSwitching
LogPluginManager: Mounting plugin MaterialAnalyzer
LogPluginManager: Mounting plugin MobileLauncherProfileWizard
LogPluginManager: Mounting plugin PluginBrowser
LogPluginManager: Mounting plugin SpeedTreeImporter
LogPluginManager: Mounting plugin DatasmithContent
LogPluginManager: Mounting plugin VariantManagerContent
LogPluginManager: Mounting plugin AlembicImporter
LogPluginManager: Mounting plugin AppleImageUtils
LogPluginManager: Mounting plugin AppleVision
LogPluginManager: Mounting plugin BackChannel
LogPluginManager: Mounting plugin CharacterAI
LogPluginManager: Mounting plugin GeometryCache
LogPluginManager: Mounting plugin HTML5Networking
LogPluginManager: Mounting plugin ProxyLODPlugin
LogPluginManager: Mounting plugin SkeletalReduction
LogPluginManager: Mounting plugin MagicLeap
LogPluginManager: Mounting plugin MagicLeapMedia
LogPluginManager: Mounting plugin AndroidMedia
LogPluginManager: Mounting plugin AvfMedia
LogPluginManager: Mounting plugin ImgMedia
LogPluginManager: Mounting plugin LinearTimecode
LogPluginManager: Mounting plugin MediaCompositing
LogPluginManager: Mounting plugin MediaPlayerEditor
LogPluginManager: Mounting plugin WebMMedia
LogPluginManager: Mounting plugin WmfMedia
LogPluginManager: Mounting plugin TcpMessaging
LogPluginManager: Mounting plugin UdpMessaging
LogPluginManager: Mounting plugin ActorSequence
LogPluginManager: Mounting plugin LevelSequenceEditor
LogPluginManager: Mounting plugin MatineeToLevelSequence
LogPluginManager: Mounting plugin NetcodeUnitTest
LogPluginManager: Mounting plugin NUTUnrealEngine4
LogPluginManager: Mounting plugin OnlineSubsystemGooglePlay
LogPluginManager: Mounting plugin OnlineSubsystemIOS
LogPluginManager: Mounting plugin OnlineSubsystem
LogPluginManager: Mounting plugin OnlineSubsystemNull
LogPluginManager: Mounting plugin OnlineSubsystemUtils
LogPluginManager: Mounting plugin LauncherChunkInstaller
LogPluginManager: Mounting plugin AndroidDeviceProfileSelector
LogPluginManager: Mounting plugin AndroidMoviePlayer
LogPluginManager: Mounting plugin AndroidPermission
LogPluginManager: Mounting plugin AppleMoviePlayer
LogPluginManager: Mounting plugin ArchVisCharacter
LogPluginManager: Mounting plugin AudioCapture
LogPluginManager: Mounting plugin CableComponent
LogPluginManager: Mounting plugin CustomMeshComponent
LogPluginManager: Mounting plugin EditableMesh
LogPluginManager: Mounting plugin ExampleDeviceProfileSelector
LogPluginManager: Mounting plugin Firebase
LogPluginManager: Mounting plugin GoogleCloudMessaging
LogPluginManager: Mounting plugin IOSDeviceProfileSelector
LogPluginManager: Mounting plugin LinuxDeviceProfileSelector
LogPluginManager: Mounting plugin LocationServicesBPLibrary
LogPluginManager: Mounting plugin MobilePatchingUtils
LogPluginManager: Mounting plugin OculusVR
LogPluginManager: Mounting plugin PhysXVehicles
LogPluginManager: Mounting plugin ProceduralMeshComponent
LogPluginManager: Mounting plugin RuntimePhysXCooking
LogPluginManager: Mounting plugin SignificanceManager
LogPluginManager: Mounting plugin SteamVR
LogPluginManager: Mounting plugin WebMMoviePlayer
LogPluginManager: Mounting plugin WindowsMoviePlayer
LogInit: Using libcurl 7.55.1-DEV
LogInit:  - built for x86_64-pc-win32
LogInit:  - supports SSL with OpenSSL/1.1.1
LogInit:  - supports HTTP deflate (compression) using libz 1.2.8
LogInit:  - other features:
LogInit:      CURL_VERSION_SSL
LogInit:      CURL_VERSION_LIBZ
LogInit:      CURL_VERSION_IPV6
LogInit:      CURL_VERSION_ASYNCHDNS
LogInit:      CURL_VERSION_LARGEFILE
LogInit:      CURL_VERSION_IDN
LogInit:  CurlRequestOptions (configurable via config and command line):
LogInit:  - bVerifyPeer = true  - Libcurl will verify peer certificate
LogInit:  - bUseHttpProxy = false  - Libcurl will NOT use HTTP proxy
LogInit:  - bDontReuseConnections = false  - Libcurl will reuse connections
LogInit:  - MaxHostConnections = 16  - Libcurl will limit the number of connections to a host
LogInit:  - LocalHostAddr = Default
LogInit:  - BufferSize = 65536
LogInit: WinSock: version 1.1 (2.2), MaxSocks=32767, MaxUdp=65467
LogInit: Build: ++UE4+Release-4.22-CL-6063286
LogInit: Engine Version: 4.22.1-6063286+++UE4+Release-4.22
LogInit: Compatible Engine Version: 4.22.0-5660361+++UE4+Release-4.22
LogInit: Net CL: 5660361
LogInit: OS: Windows 10 (Release 1803) (), CPU: Intel(R) Core(TM) i7-7700HQ CPU @ 2.80GHz, GPU: Intel(R) HD Graphics 630
LogInit: Compiled (64-bit): Apr 24 2019 04:36:48
LogInit: Compiled with Visual C++: 19.16.27025.01
LogInit: Build Configuration: Development
LogInit: Branch Name: ++UE4+Release-4.22
LogInit: Command Line: 
LogInit: Base Directory: C:/Program Files/Epic Games/UE_4.22/Engine/Binaries/Win64/
LogInit: Installed Engine Build: 1
LogDevObjectVersion: Number of dev versions registered: 23
LogDevObjectVersion:   Dev-Blueprints (B0D832E4-1F89-4F0D-ACCF-7EB736FD4AA2): 10
LogDevObjectVersion:   Dev-Build (E1C64328-A22C-4D53-A36C-8E866417BD8C): 0
LogDevObjectVersion:   Dev-Core (375EC13C-06E4-48FB-B500-84F0262A717E): 3
LogDevObjectVersion:   Dev-Editor (E4B068ED-F494-42E9-A231-DA0B2E46BB41): 30
LogDevObjectVersion:   Dev-Framework (CFFC743F-43B0-4480-9391-14DF171D2073): 35
LogDevObjectVersion:   Dev-Mobile (B02B49B5-BB20-44E9-A304-32B752E40360): 2
LogDevObjectVersion:   Dev-Networking (A4E4105C-59A1-49B5-A7C5-40C4547EDFEE): 0
LogDevObjectVersion:   Dev-Online (39C831C9-5AE6-47DC-9A44-9C173E1C8E7C): 0
LogDevObjectVersion:   Dev-Physics (78F01B33-EBEA-4F98-B9B4-84EACCB95AA2): 0
LogDevObjectVersion:   Dev-Platform (6631380F-2D4D-43E0-8009-CF276956A95A): 0
LogDevObjectVersion:   Dev-Rendering (12F88B9F-8875-4AFC-A67C-D90C383ABD29): 28
LogDevObjectVersion:   Dev-Sequencer (7B5AE74C-D270-4C10-A958-57980B212A5A): 11
LogDevObjectVersion:   Dev-VR (D7296918-1DD6-4BDD-9DE2-64A83CC13884): 2
LogDevObjectVersion:   Dev-LoadTimes (C2A15278-BFE7-4AFE-6C17-90FF531DF755): 1
LogDevObjectVersion:   Private-Geometry (6EACA3D4-40EC-4CC1-B786-8BED09428FC5): 3
LogDevObjectVersion:   Dev-AnimPhys (29E575DD-E0A3-4627-9D10-D276232CDCEA): 17
LogDevObjectVersion:   Dev-Anim (AF43A65D-7FD3-4947-9873-3E8ED9C1BB05): 2
LogDevObjectVersion:   Dev-ReflectionCapture (6B266CEC-1EC7-4B8F-A30B-E4D90942FC07): 1
LogDevObjectVersion:   Dev-Automation (0DF73D61-A23F-47EA-B727-89E90C41499A): 1
LogDevObjectVersion:   FortniteMain (601D1886-AC64-4F84-AA16-D3DE0DEAC7D6): 25
LogDevObjectVersion:   Dev-Enterprise (9DFFBCD6-494F-0158-E221-12823C92A888): 6
LogDevObjectVersion:   Dev-Niagara (F2AED0AC-9AFE-416F-8664-AA7FFA26D6FC): 1
LogDevObjectVersion:   Dev-Destruction (174F1F0B-B4C6-45A5-B13F-2EE8D0FB917D): 2
LogInit: Presizing for max 16777216 objects, including 0 objects not considered by GC, pre-allocating 0 bytes for permanent pool.
LogInit: Object subsystem initialized
LogConfig: Setting CVar [[con.DebugEarlyDefault:1]]
LogConfig: Setting CVar [[r.setres:1280x720]]
[2019.05.22-11.42.19:643][  0]LogConfig: Setting CVar [[r.VSync:0]]
[2019.05.22-11.42.19:643][  0]LogConfig: Setting CVar [[r.RHICmdBypass:0]]
[2019.05.22-11.42.19:643][  0]LogConfig: Applying CVar settings from Section [/Script/Engine.RendererSettings] File [C:/Users/Admin/Documents/Cours/Cours B2 Game/WokshopUnreal/WorkshopUnreal/MyProject/Saved/Config/Windows/Engine.ini]
[2019.05.22-11.42.19:643][  0]LogConfig: Setting CVar [[r.GPUCrashDebugging:0]]
[2019.05.22-11.42.19:643][  0]LogConfig: Applying CVar settings from Section [/Script/Engine.RendererOverrideSettings] File [C:/Users/Admin/Documents/Cours/Cours B2 Game/WokshopUnreal/WorkshopUnreal/MyProject/Saved/Config/Windows/Engine.ini]
[2019.05.22-11.42.19:644][  0]LogConfig: Applying CVar settings from Section [/Script/Engine.StreamingSettings] File [C:/Users/Admin/Documents/Cours/Cours B2 Game/WokshopUnreal/WorkshopUnreal/MyProject/Saved/Config/Windows/Engine.ini]
[2019.05.22-11.42.19:644][  0]LogConfig: Setting CVar [[s.MinBulkDataSizeForAsyncLoading:131072]]
[2019.05.22-11.42.19:644][  0]LogConfig: Setting CVar [[s.AsyncLoadingThreadEnabled:0]]
[2019.05.22-11.42.19:644][  0]LogConfig: Setting CVar [[s.EventDrivenLoaderEnabled:1]]
[2019.05.22-11.42.19:644][  0]LogConfig: Setting CVar [[s.WarnIfTimeLimitExceeded:0]]
[2019.05.22-11.42.19:644][  0]LogConfig: Setting CVar [[s.TimeLimitExceededMultiplier:1.5]]
[2019.05.22-11.42.19:644][  0]LogConfig: Setting CVar [[s.TimeLimitExceededMinTime:0.005]]
[2019.05.22-11.42.19:644][  0]LogConfig: Setting CVar [[s.UseBackgroundLevelStreaming:1]]
[2019.05.22-11.42.19:644][  0]LogConfig: Setting CVar [[s.PriorityAsyncLoadingExtraTime:15.0]]
[2019.05.22-11.42.19:644][  0]LogConfig: Setting CVar [[s.LevelStreamingActorsUpdateTimeLimit:5.0]]
[2019.05.22-11.42.19:644][  0]LogConfig: Setting CVar [[s.PriorityLevelStreamingActorsUpdateExtraTime:5.0]]
[2019.05.22-11.42.19:644][  0]LogConfig: Setting CVar [[s.LevelStreamingComponentsRegistrationGranularity:10]]
[2019.05.22-11.42.19:644][  0]LogConfig: Setting CVar [[s.UnregisterComponentsTimeLimit:1.0]]
[2019.05.22-11.42.19:644][  0]LogConfig: Setting CVar [[s.LevelStreamingComponentsUnregistrationGranularity:5]]
[2019.05.22-11.42.19:644][  0]LogConfig: Applying CVar settings from Section [/Script/Engine.GarbageCollectionSettings] File [C:/Users/Admin/Documents/Cours/Cours B2 Game/WokshopUnreal/WorkshopUnreal/MyProject/Saved/Config/Windows/Engine.ini]
[2019.05.22-11.42.19:644][  0]LogConfig: Setting CVar [[gc.MaxObjectsNotConsideredByGC:1]]
[2019.05.22-11.42.19:644][  0]LogConfig: Setting CVar [[gc.SizeOfPermanentObjectPool:0]]
[2019.05.22-11.42.19:644][  0]LogConfig: Setting CVar [[gc.FlushStreamingOnGC:0]]
[2019.05.22-11.42.19:644][  0]LogConfig: Setting CVar [[gc.NumRetriesBeforeForcingGC:10]]
[2019.05.22-11.42.19:644][  0]LogConfig: Setting CVar [[gc.AllowParallelGC:1]]
[2019.05.22-11.42.19:644][  0]LogConfig: Setting CVar [[gc.TimeBetweenPurgingPendingKillObjects:61.1]]
[2019.05.22-11.42.19:644][  0]LogConfig: Setting CVar [[gc.MaxObjectsInEditor:16777216]]
[2019.05.22-11.42.19:644][  0]LogConfig: Setting CVar [[gc.IncrementalBeginDestroyEnabled:1]]
[2019.05.22-11.42.19:644][  0]LogConfig: Setting CVar [[gc.CreateGCClusters:1]]
[2019.05.22-11.42.19:644][  0]LogConfig: Setting CVar [[gc.MinGCClusterSize:5]]
[2019.05.22-11.42.19:644][  0]LogConfig: Setting CVar [[gc.ActorClusteringEnabled:0]]
[2019.05.22-11.42.19:644][  0]LogConfig: Setting CVar [[gc.BlueprintClusteringEnabled:0]]
[2019.05.22-11.42.19:644][  0]LogConfig: Setting CVar [[gc.UseDisregardForGCOnDedicatedServers:0]]
[2019.05.22-11.42.19:644][  0]LogConfig: Applying CVar settings from Section [/Script/Engine.NetworkSettings] File [C:/Users/Admin/Documents/Cours/Cours B2 Game/WokshopUnreal/WorkshopUnreal/MyProject/Saved/Config/Windows/Engine.ini]
[2019.05.22-11.42.19:644][  0]LogConfig: Applying CVar settings from Section [/Script/UnrealEd.CookerSettings] File [C:/Users/Admin/Documents/Cours/Cours B2 Game/WokshopUnreal/WorkshopUnreal/MyProject/Saved/Config/Windows/Engine.ini]
[2019.05.22-11.42.19:646][  0]LogConfig: Applying CVar settings from Section [ViewDistanceQuality@3] File [C:/Users/Admin/Documents/Cours/Cours B2 Game/WokshopUnreal/WorkshopUnreal/MyProject/Saved/Config/Windows/Scalability.ini]
[2019.05.22-11.42.19:646][  0]LogConfig: Setting CVar [[r.SkeletalMeshLODBias:0]]
[2019.05.22-11.42.19:646][  0]LogConfig: Setting CVar [[r.ViewDistanceScale:1.0]]
[2019.05.22-11.42.19:646][  0]LogConfig: Applying CVar settings from Section [AntiAliasingQuality@3] File [C:/Users/Admin/Documents/Cours/Cours B2 Game/WokshopUnreal/WorkshopUnreal/MyProject/Saved/Config/Windows/Scalability.ini]
[2019.05.22-11.42.19:646][  0]LogConfig: Setting CVar [[r.PostProcessAAQuality:4]]
[2019.05.22-11.42.19:646][  0]LogConfig: Applying CVar settings from Section [ShadowQuality@3] File [C:/Users/Admin/Documents/Cours/Cours B2 Game/WokshopUnreal/WorkshopUnreal/MyProject/Saved/Config/Windows/Scalability.ini]
[2019.05.22-11.42.19:646][  0]LogConfig: Setting CVar [[r.LightFunctionQuality:1]]
[2019.05.22-11.42.19:646][  0]LogConfig: Setting CVar [[r.ShadowQuality:5]]
[2019.05.22-11.42.19:646][  0]LogConfig: Setting CVar [[r.Shadow.CSM.MaxCascades:10]]
[2019.05.22-11.42.19:647][  0]LogConfig: Setting CVar [[r.Shadow.MaxResolution:2048]]
[2019.05.22-11.42.19:647][  0]LogConfig: Setting CVar [[r.Shadow.MaxCSMResolution:2048]]
[2019.05.22-11.42.19:647][  0]LogConfig: Setting CVar [[r.Shadow.RadiusThreshold:0.01]]
[2019.05.22-11.42.19:647][  0]LogConfig: Setting CVar [[r.Shadow.DistanceScale:1.0]]
[2019.05.22-11.42.19:647][  0]LogConfig: Setting CVar [[r.Shadow.CSM.TransitionScale:1.0]]
[2019.05.22-11.42.19:647][  0]LogConfig: Setting CVar [[r.Shadow.PreShadowResolutionFactor:1.0]]
[2019.05.22-11.42.19:647][  0]LogConfig: Setting CVar [[r.DistanceFieldShadowing:1]]
[2019.05.22-11.42.19:647][  0]LogConfig: Setting CVar [[r.DistanceFieldAO:1]]
[2019.05.22-11.42.19:647][  0]LogConfig: Setting CVar [[r.AOQuality:2]]
[2019.05.22-11.42.19:647][  0]LogConfig: Setting CVar [[r.VolumetricFog:1]]
[2019.05.22-11.42.19:647][  0]LogConfig: Setting CVar [[r.VolumetricFog.GridPixelSize:8]]
[2019.05.22-11.42.19:647][  0]LogConfig: Setting CVar [[r.VolumetricFog.GridSizeZ:128]]
[2019.05.22-11.42.19:647][  0]LogConfig: Setting CVar [[r.VolumetricFog.HistoryMissSupersampleCount:4]]
[2019.05.22-11.42.19:647][  0]LogConfig: Setting CVar [[r.LightMaxDrawDistanceScale:1]]
[2019.05.22-11.42.19:647][  0]LogConfig: Setting CVar [[r.CapsuleShadows:1]]
[2019.05.22-11.42.19:647][  0]LogConfig: Applying CVar settings from Section [PostProcessQuality@3] File [C:/Users/Admin/Documents/Cours/Cours B2 Game/WokshopUnreal/WorkshopUnreal/MyProject/Saved/Config/Windows/Scalability.ini]
[2019.05.22-11.42.19:647][  0]LogConfig: Setting CVar [[r.MotionBlurQuality:4]]
[2019.05.22-11.42.19:647][  0]LogConfig: Setting CVar [[r.AmbientOcclusionMipLevelFactor:0.4]]
[2019.05.22-11.42.19:647][  0]LogConfig: Setting CVar [[r.AmbientOcclusionMaxQuality:100]]
[2019.05.22-11.42.19:647][  0]LogConfig: Setting CVar [[r.AmbientOcclusionLevels:-1]]
[2019.05.22-11.42.19:647][  0]LogConfig: Setting CVar [[r.AmbientOcclusionRadiusScale:1.0]]
[2019.05.22-11.42.19:647][  0]LogConfig: Setting CVar [[r.DepthOfFieldQuality:2]]
[2019.05.22-11.42.19:647][  0]LogConfig: Setting CVar [[r.RenderTargetPoolMin:400]]
[2019.05.22-11.42.19:647][  0]LogConfig: Setting CVar [[r.LensFlareQuality:2]]
[2019.05.22-11.42.19:647][  0]LogConfig: Setting CVar [[r.SceneColorFringeQuality:1]]
[2019.05.22-11.42.19:647][  0]LogConfig: Setting CVar [[r.EyeAdaptationQuality:2]]
[2019.05.22-11.42.19:647][  0]LogConfig: Setting CVar [[r.BloomQuality:5]]
[2019.05.22-11.42.19:647][  0]LogConfig: Setting CVar [[r.FastBlurThreshold:100]]
[2019.05.22-11.42.19:647][  0]LogConfig: Setting CVar [[r.Upscale.Quality:3]]
[2019.05.22-11.42.19:647][  0]LogConfig: Setting CVar [[r.Tonemapper.GrainQuantization:1]]
[2019.05.22-11.42.19:647][  0]LogConfig: Setting CVar [[r.LightShaftQuality:1]]
[2019.05.22-11.42.19:647][  0]LogConfig: Setting CVar [[r.Filter.SizeScale:1]]
[2019.05.22-11.42.19:647][  0]LogConfig: Setting CVar [[r.Tonemapper.Quality:5]]
[2019.05.22-11.42.19:647][  0]LogConfig: Setting CVar [[r.DOF.Gather.AccumulatorQuality:1        ; higher gathering accumulator quality]]
[2019.05.22-11.42.19:647][  0]LogConfig: Setting CVar [[r.DOF.Gather.PostfilterMethod:1          ; Median3x3 postfilering method]]
[2019.05.22-11.42.19:647][  0]LogConfig: Setting CVar [[r.DOF.Gather.EnableBokehSettings:0       ; no bokeh simulation when gathering]]
[2019.05.22-11.42.19:647][  0]LogConfig: Setting CVar [[r.DOF.Gather.RingCount:4                 ; medium number of samples when gathering]]
[2019.05.22-11.42.19:647][  0]LogConfig: Setting CVar [[r.DOF.Scatter.ForegroundCompositing:1    ; additive foreground scattering]]
[2019.05.22-11.42.19:647][  0]LogConfig: Setting CVar [[r.DOF.Scatter.BackgroundCompositing:2    ; additive background scattering]]
[2019.05.22-11.42.19:647][  0]LogConfig: Setting CVar [[r.DOF.Scatter.EnableBokehSettings:1      ; bokeh simulation when scattering]]
[2019.05.22-11.42.19:647][  0]LogConfig: Setting CVar [[r.DOF.Scatter.MaxSpriteRatio:0.1         ; only a maximum of 10% of scattered bokeh]]
[2019.05.22-11.42.19:647][  0]LogConfig: Setting CVar [[r.DOF.Recombine.Quality:1                ; cheap slight out of focus]]
[2019.05.22-11.42.19:647][  0]LogConfig: Setting CVar [[r.DOF.Recombine.EnableBokehSettings:0    ; no bokeh simulation on slight out of focus]]
[2019.05.22-11.42.19:647][  0]LogConfig: Setting CVar [[r.DOF.TemporalAAQuality:1                ; more stable temporal accumulation]]
[2019.05.22-11.42.19:647][  0]LogConfig: Setting CVar [[r.DOF.Kernel.MaxForegroundRadius:0.025]]
[2019.05.22-11.42.19:647][  0]LogConfig: Setting CVar [[r.DOF.Kernel.MaxBackgroundRadius:0.025]]
[2019.05.22-11.42.19:647][  0]LogConfig: Applying CVar settings from Section [TextureQuality@3] File [C:/Users/Admin/Documents/Cours/Cours B2 Game/WokshopUnreal/WorkshopUnreal/MyProject/Saved/Config/Windows/Scalability.ini]
[2019.05.22-11.42.19:647][  0]LogConfig: Setting CVar [[r.Streaming.MipBias:0]]
[2019.05.22-11.42.19:647][  0]LogConfig: Setting CVar [[r.Streaming.AmortizeCPUToGPUCopy:0]]
[2019.05.22-11.42.19:647][  0]LogConfig: Setting CVar [[r.Streaming.MaxNumTexturesToStreamPerFrame:0]]
[2019.05.22-11.42.19:647][  0]LogConfig: Setting CVar [[r.Streaming.Boost:1]]
[2019.05.22-11.42.19:647][  0]LogConfig: Setting CVar [[r.MaxAnisotropy:8]]
[2019.05.22-11.42.19:647][  0]LogConfig: Setting CVar [[r.Streaming.LimitPoolSizeToVRAM:0]]
[2019.05.22-11.42.19:647][  0]LogConfig: Setting CVar [[r.Streaming.PoolSize:1000]]
[2019.05.22-11.42.19:647][  0]LogConfig: Setting CVar [[r.Streaming.MaxEffectiveScreenSize:0]]
[2019.05.22-11.42.19:647][  0]LogConfig: Applying CVar settings from Section [EffectsQuality@3] File [C:/Users/Admin/Documents/Cours/Cours B2 Game/WokshopUnreal/WorkshopUnreal/MyProject/Saved/Config/Windows/Scalability.ini]
[2019.05.22-11.42.19:647][  0]LogConfig: Setting CVar [[r.TranslucencyLightingVolumeDim:64]]
[2019.05.22-11.42.19:647][  0]LogConfig: Setting CVar [[r.RefractionQuality:2]]
[2019.05.22-11.42.19:647][  0]LogConfig: Setting CVar [[r.SSR.Quality:3]]
[2019.05.22-11.42.19:647][  0]LogConfig: Setting CVar [[r.SceneColorFormat:4]]
[2019.05.22-11.42.19:647][  0]LogConfig: Setting CVar [[r.DetailMode:2]]
[2019.05.22-11.42.19:647][  0]LogConfig: Setting CVar [[r.TranslucencyVolumeBlur:1]]
[2019.05.22-11.42.19:647][  0]LogConfig: Setting CVar [[r.MaterialQualityLevel:1 ; High quality]]
[2019.05.22-11.42.19:647][  0]LogConfig: Setting CVar [[r.SSS.Scale:1]]
[2019.05.22-11.42.19:647][  0]LogConfig: Setting CVar [[r.SSS.SampleSet:2]]
[2019.05.22-11.42.19:647][  0]LogConfig: Setting CVar [[r.SSS.Quality:1]]
[2019.05.22-11.42.19:647][  0]LogConfig: Setting CVar [[r.SSS.HalfRes:1]]
[2019.05.22-11.42.19:647][  0]LogConfig: Setting CVar [[r.EmitterSpawnRateScale:1.0]]
[2019.05.22-11.42.19:647][  0]LogConfig: Setting CVar [[r.ParticleLightQuality:2]]
[2019.05.22-11.42.19:647][  0]LogConfig: Applying CVar settings from Section [FoliageQuality@3] File [C:/Users/Admin/Documents/Cours/Cours B2 Game/WokshopUnreal/WorkshopUnreal/MyProject/Saved/Config/Windows/Scalability.ini]
[2019.05.22-11.42.19:647][  0]LogConfig: Setting CVar [[foliage.DensityScale:1.0]]
[2019.05.22-11.42.19:647][  0]LogConfig: Setting CVar [[grass.DensityScale:1.0]]
[2019.05.22-11.42.19:648][  0]LogInit: Selected Device Profile: [Windows]
[2019.05.22-11.42.19:648][  0]LogInit: Applying CVar settings loaded from the selected device profile: [Windows]
[2019.05.22-11.42.19:657][  0]LogHAL: Display: Platform has ~ 16 GB [17053216768 / 17179869184 / 16], which maps to Larger [LargestMinGB=32, LargerMinGB=12, DefaultMinGB=8, SmallerMinGB=6, SmallestMinGB=0)
[2019.05.22-11.42.19:657][  0]LogConfig: Setting CVar [[r.Vulkan.UseRealUBs:0		; Required until we fix HLR fall-out]]
[2019.05.22-11.42.19:657][  0]LogInit: Going up to parent DeviceProfile []
[2019.05.22-11.42.19:657][  0]LogConfig: Applying CVar settings from Section [ViewDistanceQuality@3] File [C:/Users/Admin/Documents/Cours/Cours B2 Game/WokshopUnreal/WorkshopUnreal/MyProject/Saved/Config/Windows/Scalability.ini]
[2019.05.22-11.42.19:657][  0]LogConfig: Setting CVar [[r.SkeletalMeshLODBias:0]]
[2019.05.22-11.42.19:657][  0]LogConfig: Setting CVar [[r.ViewDistanceScale:1.0]]
[2019.05.22-11.42.19:657][  0]LogConfig: Applying CVar settings from Section [AntiAliasingQuality@3] File [C:/Users/Admin/Documents/Cours/Cours B2 Game/WokshopUnreal/WorkshopUnreal/MyProject/Saved/Config/Windows/Scalability.ini]
[2019.05.22-11.42.19:657][  0]LogConfig: Setting CVar [[r.PostProcessAAQuality:4]]
[2019.05.22-11.42.19:657][  0]LogConfig: Applying CVar settings from Section [ShadowQuality@3] File [C:/Users/Admin/Documents/Cours/Cours B2 Game/WokshopUnreal/WorkshopUnreal/MyProject/Saved/Config/Windows/Scalability.ini]
[2019.05.22-11.42.19:657][  0]LogConfig: Setting CVar [[r.LightFunctionQuality:1]]
[2019.05.22-11.42.19:657][  0]LogConfig: Setting CVar [[r.ShadowQuality:5]]
[2019.05.22-11.42.19:657][  0]LogConfig: Setting CVar [[r.Shadow.CSM.MaxCascades:10]]
[2019.05.22-11.42.19:657][  0]LogConfig: Setting CVar [[r.Shadow.MaxResolution:2048]]
[2019.05.22-11.42.19:657][  0]LogConfig: Setting CVar [[r.Shadow.MaxCSMResolution:2048]]
[2019.05.22-11.42.19:657][  0]LogConfig: Setting CVar [[r.Shadow.RadiusThreshold:0.01]]
[2019.05.22-11.42.19:657][  0]LogConfig: Setting CVar [[r.Shadow.DistanceScale:1.0]]
[2019.05.22-11.42.19:657][  0]LogConfig: Setting CVar [[r.Shadow.CSM.TransitionScale:1.0]]
[2019.05.22-11.42.19:657][  0]LogConfig: Setting CVar [[r.Shadow.PreShadowResolutionFactor:1.0]]
[2019.05.22-11.42.19:657][  0]LogConfig: Setting CVar [[r.DistanceFieldShadowing:1]]
[2019.05.22-11.42.19:657][  0]LogConfig: Setting CVar [[r.DistanceFieldAO:1]]
[2019.05.22-11.42.19:657][  0]LogConfig: Setting CVar [[r.AOQuality:2]]
[2019.05.22-11.42.19:657][  0]LogConfig: Setting CVar [[r.VolumetricFog:1]]
[2019.05.22-11.42.19:657][  0]LogConfig: Setting CVar [[r.VolumetricFog.GridPixelSize:8]]
[2019.05.22-11.42.19:657][  0]LogConfig: Setting CVar [[r.VolumetricFog.GridSizeZ:128]]
[2019.05.22-11.42.19:657][  0]LogConfig: Setting CVar [[r.VolumetricFog.HistoryMissSupersampleCount:4]]
[2019.05.22-11.42.19:657][  0]LogConfig: Setting CVar [[r.LightMaxDrawDistanceScale:1]]
[2019.05.22-11.42.19:657][  0]LogConfig: Setting CVar [[r.CapsuleShadows:1]]
[2019.05.22-11.42.19:657][  0]LogConfig: Applying CVar settings from Section [PostProcessQuality@3] File [C:/Users/Admin/Documents/Cours/Cours B2 Game/WokshopUnreal/WorkshopUnreal/MyProject/Saved/Config/Windows/Scalability.ini]
[2019.05.22-11.42.19:657][  0]LogConfig: Setting CVar [[r.MotionBlurQuality:4]]
[2019.05.22-11.42.19:657][  0]LogConfig: Setting CVar [[r.AmbientOcclusionMipLevelFactor:0.4]]
[2019.05.22-11.42.19:657][  0]LogConfig: Setting CVar [[r.AmbientOcclusionMaxQuality:100]]
[2019.05.22-11.42.19:657][  0]LogConfig: Setting CVar [[r.AmbientOcclusionLevels:-1]]
[2019.05.22-11.42.19:657][  0]LogConfig: Setting CVar [[r.AmbientOcclusionRadiusScale:1.0]]
[2019.05.22-11.42.19:657][  0]LogConfig: Setting CVar [[r.DepthOfFieldQuality:2]]
[2019.05.22-11.42.19:657][  0]LogConfig: Setting CVar [[r.RenderTargetPoolMin:400]]
[2019.05.22-11.42.19:657][  0]LogConfig: Setting CVar [[r.LensFlareQuality:2]]
[2019.05.22-11.42.19:657][  0]LogConfig: Setting CVar [[r.SceneColorFringeQuality:1]]
[2019.05.22-11.42.19:657][  0]LogConfig: Setting CVar [[r.EyeAdaptationQuality:2]]
[2019.05.22-11.42.19:657][  0]LogConfig: Setting CVar [[r.BloomQuality:5]]
[2019.05.22-11.42.19:657][  0]LogConfig: Setting CVar [[r.FastBlurThreshold:100]]
[2019.05.22-11.42.19:657][  0]LogConfig: Setting CVar [[r.Upscale.Quality:3]]
[2019.05.22-11.42.19:657][  0]LogConfig: Setting CVar [[r.Tonemapper.GrainQuantization:1]]
[2019.05.22-11.42.19:657][  0]LogConfig: Setting CVar [[r.LightShaftQuality:1]]
[2019.05.22-11.42.19:657][  0]LogConfig: Setting CVar [[r.Filter.SizeScale:1]]
[2019.05.22-11.42.19:657][  0]LogConfig: Setting CVar [[r.Tonemapper.Quality:5]]
[2019.05.22-11.42.19:657][  0]LogConfig: Setting CVar [[r.DOF.Gather.AccumulatorQuality:1        ; higher gathering accumulator quality]]
[2019.05.22-11.42.19:657][  0]LogConfig: Setting CVar [[r.DOF.Gather.PostfilterMethod:1          ; Median3x3 postfilering method]]
[2019.05.22-11.42.19:657][  0]LogConfig: Setting CVar [[r.DOF.Gather.EnableBokehSettings:0       ; no bokeh simulation when gathering]]
[2019.05.22-11.42.19:657][  0]LogConfig: Setting CVar [[r.DOF.Gather.RingCount:4                 ; medium number of samples when gathering]]
[2019.05.22-11.42.19:657][  0]LogConfig: Setting CVar [[r.DOF.Scatter.ForegroundCompositing:1    ; additive foreground scattering]]
[2019.05.22-11.42.19:657][  0]LogConfig: Setting CVar [[r.DOF.Scatter.BackgroundCompositing:2    ; additive background scattering]]
[2019.05.22-11.42.19:657][  0]LogConfig: Setting CVar [[r.DOF.Scatter.EnableBokehSettings:1      ; bokeh simulation when scattering]]
[2019.05.22-11.42.19:657][  0]LogConfig: Setting CVar [[r.DOF.Scatter.MaxSpriteRatio:0.1         ; only a maximum of 10% of scattered bokeh]]
[2019.05.22-11.42.19:657][  0]LogConfig: Setting CVar [[r.DOF.Recombine.Quality:1                ; cheap slight out of focus]]
[2019.05.22-11.42.19:657][  0]LogConfig: Setting CVar [[r.DOF.Recombine.EnableBokehSettings:0    ; no bokeh simulation on slight out of focus]]
[2019.05.22-11.42.19:657][  0]LogConfig: Setting CVar [[r.DOF.TemporalAAQuality:1                ; more stable temporal accumulation]]
[2019.05.22-11.42.19:657][  0]LogConfig: Setting CVar [[r.DOF.Kernel.MaxForegroundRadius:0.025]]
[2019.05.22-11.42.19:658][  0]LogConfig: Setting CVar [[r.DOF.Kernel.MaxBackgroundRadius:0.025]]
[2019.05.22-11.42.19:658][  0]LogConfig: Applying CVar settings from Section [TextureQuality@3] File [C:/Users/Admin/Documents/Cours/Cours B2 Game/WokshopUnreal/WorkshopUnreal/MyProject/Saved/Config/Windows/Scalability.ini]
[2019.05.22-11.42.19:658][  0]LogConfig: Setting CVar [[r.Streaming.MipBias:0]]
[2019.05.22-11.42.19:658][  0]LogConfig: Setting CVar [[r.Streaming.AmortizeCPUToGPUCopy:0]]
[2019.05.22-11.42.19:658][  0]LogConfig: Setting CVar [[r.Streaming.MaxNumTexturesToStreamPerFrame:0]]
[2019.05.22-11.42.19:658][  0]LogConfig: Setting CVar [[r.Streaming.Boost:1]]
[2019.05.22-11.42.19:658][  0]LogConfig: Setting CVar [[r.MaxAnisotropy:8]]
[2019.05.22-11.42.19:658][  0]LogConfig: Setting CVar [[r.Streaming.LimitPoolSizeToVRAM:0]]
[2019.05.22-11.42.19:658][  0]LogConfig: Setting CVar [[r.Streaming.PoolSize:1000]]
[2019.05.22-11.42.19:658][  0]LogConfig: Setting CVar [[r.Streaming.MaxEffectiveScreenSize:0]]
[2019.05.22-11.42.19:658][  0]LogConfig: Applying CVar settings from Section [EffectsQuality@3] File [C:/Users/Admin/Documents/Cours/Cours B2 Game/WokshopUnreal/WorkshopUnreal/MyProject/Saved/Config/Windows/Scalability.ini]
[2019.05.22-11.42.19:658][  0]LogConfig: Setting CVar [[r.TranslucencyLightingVolumeDim:64]]
[2019.05.22-11.42.19:658][  0]LogConfig: Setting CVar [[r.RefractionQuality:2]]
[2019.05.22-11.42.19:658][  0]LogConfig: Setting CVar [[r.SSR.Quality:3]]
[2019.05.22-11.42.19:658][  0]LogConfig: Setting CVar [[r.SceneColorFormat:4]]
[2019.05.22-11.42.19:658][  0]LogConfig: Setting CVar [[r.DetailMode:2]]
[2019.05.22-11.42.19:658][  0]LogConfig: Setting CVar [[r.TranslucencyVolumeBlur:1]]
[2019.05.22-11.42.19:658][  0]LogConfig: Setting CVar [[r.MaterialQualityLevel:1 ; High quality]]
[2019.05.22-11.42.19:658][  0]LogConfig: Setting CVar [[r.SSS.Scale:1]]
[2019.05.22-11.42.19:658][  0]LogConfig: Setting CVar [[r.SSS.SampleSet:2]]
[2019.05.22-11.42.19:658][  0]LogConfig: Setting CVar [[r.SSS.Quality:1]]
[2019.05.22-11.42.19:658][  0]LogConfig: Setting CVar [[r.SSS.HalfRes:1]]
[2019.05.22-11.42.19:658][  0]LogConfig: Setting CVar [[r.EmitterSpawnRateScale:1.0]]
[2019.05.22-11.42.19:658][  0]LogConfig: Setting CVar [[r.ParticleLightQuality:2]]
[2019.05.22-11.42.19:658][  0]LogConfig: Applying CVar settings from Section [FoliageQuality@3] File [C:/Users/Admin/Documents/Cours/Cours B2 Game/WokshopUnreal/WorkshopUnreal/MyProject/Saved/Config/Windows/Scalability.ini]
[2019.05.22-11.42.19:658][  0]LogConfig: Setting CVar [[foliage.DensityScale:1.0]]
[2019.05.22-11.42.19:658][  0]LogConfig: Setting CVar [[grass.DensityScale:1.0]]
[2019.05.22-11.42.19:658][  0]LogConfig: Applying CVar settings from Section [Startup] File [../../../Engine/Config/ConsoleVariables.ini]
[2019.05.22-11.42.19:658][  0]LogConfig: Setting CVar [[net.UseAdaptiveNetUpdateFrequency:0]]
[2019.05.22-11.42.19:658][  0]LogConfig: Setting CVar [[p.chaos.AllowCreatePhysxBodies:1]]
[2019.05.22-11.42.19:658][  0]LogConfig: Applying CVar settings from Section [ConsoleVariables] File [C:/Users/Admin/Documents/Cours/Cours B2 Game/WokshopUnreal/WorkshopUnreal/MyProject/Saved/Config/Windows/Engine.ini]
[2019.05.22-11.42.19:658][  0]LogInit: Computer: PC-TRISTAN
[2019.05.22-11.42.19:658][  0]LogInit: User: Admin
[2019.05.22-11.42.19:658][  0]LogInit: CPU Page size=4096, Cores=4
[2019.05.22-11.42.19:658][  0]LogInit: High frequency timer resolution =2.742188 MHz
[2019.05.22-11.42.19:659][  0]LogMemory: Memory total: Physical=15.9GB (16GB approx)
[2019.05.22-11.42.19:659][  0]LogMemory: Platform Memory Stats for Windows
[2019.05.22-11.42.19:659][  0]LogMemory: Process Physical Memory: 98.07 MB used, 98.07 MB peak
[2019.05.22-11.42.19:659][  0]LogMemory: Process Virtual Memory: 89.02 MB used, 89.02 MB peak
[2019.05.22-11.42.19:659][  0]LogMemory: Physical Memory: 3880.40 MB used,  12382.82 MB free, 16263.21 MB total
[2019.05.22-11.42.19:659][  0]LogMemory: Virtual Memory: 4640.00 MB used,  134213088.00 MB free, 134217728.00 MB total
[2019.05.22-11.42.19:681][  0]LogInit: Using OS detected language (fr-FR).
[2019.05.22-11.42.19:681][  0]LogInit: Using OS detected locale (fr-FR).
[2019.05.22-11.42.19:683][  0]LogTextLocalizationManager: No specific localization for 'fr-FR' exists, so the 'fr' localization will be used.
[2019.05.22-11.42.19:683][  0]LogTextLocalizationResource: LocRes '../../../Engine/Content/Localization/Editor/fr/Editor.locres' could not be opened for reading!
[2019.05.22-11.42.19:683][  0]LogTextLocalizationResource: LocRes '../../../Engine/Content/Localization/EditorTutorials/fr/EditorTutorials.locres' could not be opened for reading!
[2019.05.22-11.42.19:683][  0]LogTextLocalizationResource: LocRes '../../../Engine/Content/Localization/Keywords/fr/Keywords.locres' could not be opened for reading!
[2019.05.22-11.42.19:684][  0]LogTextLocalizationResource: LocRes '../../../Engine/Content/Localization/Category/fr/Category.locres' could not be opened for reading!
[2019.05.22-11.42.19:684][  0]LogTextLocalizationResource: LocRes '../../../Engine/Content/Localization/ToolTips/fr/ToolTips.locres' could not be opened for reading!
[2019.05.22-11.42.19:684][  0]LogTextLocalizationResource: LocRes '../../../Engine/Content/Localization/PropertyNames/fr/PropertyNames.locres' could not be opened for reading!
[2019.05.22-11.42.19:684][  0]LogTextLocalizationResource: LocRes '../../../Engine/Content/Localization/Engine/fr/Engine.locres' could not be opened for reading!
[2019.05.22-11.42.19:685][  0]LogInit: Setting process to per monitor DPI aware
[2019.05.22-11.42.19:730][  0]LogSlate: New Slate User Created.  User Index 0, Is Virtual User: 0
[2019.05.22-11.42.19:730][  0]LogSlate: Slate User Registered.  User Index 0, Is Virtual User: 0
[2019.05.22-11.42.20:005][  0]LogHMD: Failed to initialize OpenVR with code 100
[2019.05.22-11.42.20:005][  0]LogD3D11RHI: D3D11 adapters:
[2019.05.22-11.42.20:069][  0]LogD3D11RHI:    0. 'NVIDIA Quadro M1200' (Feature Level 11_0)
[2019.05.22-11.42.20:069][  0]LogD3D11RHI:       4053/0/8131 MB DedicatedVideo/DedicatedSystem/SharedSystem, Outputs:1, VendorId:0x10de
[2019.05.22-11.42.20:087][  0]LogD3D11RHI:    1. 'Intel(R) HD Graphics 630' (Feature Level 11_0)
[2019.05.22-11.42.20:087][  0]LogD3D11RHI:       128/0/8131 MB DedicatedVideo/DedicatedSystem/SharedSystem, Outputs:0, VendorId:0x8086
[2019.05.22-11.42.20:090][  0]LogD3D11RHI:    2. 'Microsoft Basic Render Driver' (Feature Level 11_0)
[2019.05.22-11.42.20:090][  0]LogD3D11RHI:       0/0/8131 MB DedicatedVideo/DedicatedSystem/SharedSystem, Outputs:0, VendorId:0x1414
[2019.05.22-11.42.20:090][  0]LogD3D11RHI: Chosen D3D11 Adapter: 0
[2019.05.22-11.42.20:126][  0]LogD3D11RHI: Creating new Direct3DDevice
[2019.05.22-11.42.20:127][  0]LogD3D11RHI:     GPU DeviceId: 0x13b6 (for the marketing name, search the web for "GPU Device Id")
[2019.05.22-11.42.20:127][  0]LogWindows: EnumDisplayDevices:
[2019.05.22-11.42.20:127][  0]LogWindows:    0. 'Intel(R) HD Graphics 630' (P:1 D:1)
[2019.05.22-11.42.20:127][  0]LogWindows:    1. 'Intel(R) HD Graphics 630' (P:0 D:0)
[2019.05.22-11.42.20:127][  0]LogWindows:    2. 'Intel(R) HD Graphics 630' (P:0 D:0)
[2019.05.22-11.42.20:128][  0]LogWindows:    3. 'NVIDIA Quadro M1200' (P:0 D:0)
[2019.05.22-11.42.20:128][  0]LogWindows:    4. 'NVIDIA Quadro M1200' (P:0 D:0)
[2019.05.22-11.42.20:128][  0]LogWindows:    5. 'NVIDIA Quadro M1200' (P:0 D:0)
[2019.05.22-11.42.20:129][  0]LogWindows:    6. 'NVIDIA Quadro M1200' (P:0 D:0)
[2019.05.22-11.42.20:129][  0]LogWindows: DebugString: PrimaryIsNotTheChoosenAdapter PrimaryIsNotTheChoosenAdapter PrimaryIsNotTheChoosenAdapter FoundDriverCount:4 
[2019.05.22-11.42.20:129][  0]LogD3D11RHI:     Adapter Name: NVIDIA Quadro M1200
[2019.05.22-11.42.20:129][  0]LogD3D11RHI:   Driver Version: 411.95 (internal:24.21.14.1195, unified:411.95)
[2019.05.22-11.42.20:129][  0]LogD3D11RHI:      Driver Date: 11-8-2018
[2019.05.22-11.42.20:129][  0]LogRHI: Texture pool is 2837 MB (70% of 4053 MB)
[2019.05.22-11.42.20:178][  0]LogD3D11RHI: Async texture creation enabled
[2019.05.22-11.42.20:183][  0]LogRendererCore: FGlobalReadBuffer::InitRHI
[2019.05.22-11.42.20:183][  0]LogRendererCore: FGlobalReadBuffer::InitRHI
[2019.05.22-11.42.20:183][  0]LogRendererCore: FGlobalReadBuffer::InitRHI
[2019.05.22-11.42.20:197][  0]LogD3D11RHI: GPU Timing Frequency: 1000.000000 (Debug: 2 2)
[2019.05.22-11.42.20:542][  0]LogTemp: Display: Module 'AllDesktopTargetPlatform' loaded TargetPlatform 'AllDesktop'
[2019.05.22-11.42.20:556][  0]LogTemp: Display: Module 'MacClientTargetPlatform' loaded TargetPlatform 'MacClient'
[2019.05.22-11.42.20:575][  0]LogTemp: Display: Module 'MacNoEditorTargetPlatform' loaded TargetPlatform 'MacNoEditor'
[2019.05.22-11.42.20:589][  0]LogTemp: Display: Module 'MacServerTargetPlatform' loaded TargetPlatform 'MacServer'
[2019.05.22-11.42.20:608][  0]LogTemp: Display: Module 'MacTargetPlatform' loaded TargetPlatform 'Mac'
[2019.05.22-11.42.20:623][  0]LogTemp: Display: Module 'WindowsClientTargetPlatform' loaded TargetPlatform 'WindowsClient'
[2019.05.22-11.42.20:639][  0]LogTemp: Display: Module 'WindowsNoEditorTargetPlatform' loaded TargetPlatform 'WindowsNoEditor'
[2019.05.22-11.42.20:656][  0]LogTemp: Display: Module 'WindowsServerTargetPlatform' loaded TargetPlatform 'WindowsServer'
[2019.05.22-11.42.20:663][  0]LogTemp: Display: Module 'WindowsTargetPlatform' loaded TargetPlatform 'Windows'
[2019.05.22-11.42.20:746][  0]LogTemp: Display: Module 'AndroidTargetPlatform' loaded TargetPlatform 'Android'
[2019.05.22-11.42.20:746][  0]LogTemp: Display: Module 'AndroidTargetPlatform' loaded TargetPlatform 'Android_ASTC'
[2019.05.22-11.42.20:746][  0]LogTemp: Display: Module 'AndroidTargetPlatform' loaded TargetPlatform 'Android_ATC'
[2019.05.22-11.42.20:746][  0]LogTemp: Display: Module 'AndroidTargetPlatform' loaded TargetPlatform 'Android_DXT'
[2019.05.22-11.42.20:746][  0]LogTemp: Display: Module 'AndroidTargetPlatform' loaded TargetPlatform 'Android_ETC1'
[2019.05.22-11.42.20:746][  0]LogTemp: Display: Module 'AndroidTargetPlatform' loaded TargetPlatform 'Android_ETC1a'
[2019.05.22-11.42.20:746][  0]LogTemp: Display: Module 'AndroidTargetPlatform' loaded TargetPlatform 'Android_ETC2'
[2019.05.22-11.42.20:746][  0]LogTemp: Display: Module 'AndroidTargetPlatform' loaded TargetPlatform 'Android_PVRTC'
[2019.05.22-11.42.20:746][  0]LogTemp: Display: Module 'AndroidTargetPlatform' loaded TargetPlatform 'AndroidClient'
[2019.05.22-11.42.20:746][  0]LogTemp: Display: Module 'AndroidTargetPlatform' loaded TargetPlatform 'Android_ASTCClient'
[2019.05.22-11.42.20:746][  0]LogTemp: Display: Module 'AndroidTargetPlatform' loaded TargetPlatform 'Android_ATCClient'
[2019.05.22-11.42.20:746][  0]LogTemp: Display: Module 'AndroidTargetPlatform' loaded TargetPlatform 'Android_DXTClient'
[2019.05.22-11.42.20:746][  0]LogTemp: Display: Module 'AndroidTargetPlatform' loaded TargetPlatform 'Android_ETC1Client'
[2019.05.22-11.42.20:746][  0]LogTemp: Display: Module 'AndroidTargetPlatform' loaded TargetPlatform 'Android_ETC1aClient'
[2019.05.22-11.42.20:746][  0]LogTemp: Display: Module 'AndroidTargetPlatform' loaded TargetPlatform 'Android_ETC2Client'
[2019.05.22-11.42.20:746][  0]LogTemp: Display: Module 'AndroidTargetPlatform' loaded TargetPlatform 'Android_PVRTCClient'
[2019.05.22-11.42.20:746][  0]LogTemp: Display: Module 'AndroidTargetPlatform' loaded TargetPlatform 'Android_Multi'
[2019.05.22-11.42.20:746][  0]LogTemp: Display: Module 'AndroidTargetPlatform' loaded TargetPlatform 'Android_MultiClient'
[2019.05.22-11.42.20:748][  0]LogTemp: Display: Module 'HTML5TargetPlatform' loaded TargetPlatform 'HTML5'
[2019.05.22-11.42.20:812][  0]LogTemp: Display: Module 'IOSTargetPlatform' loaded TargetPlatform 'IOSClient'
[2019.05.22-11.42.20:812][  0]LogTemp: Display: Module 'IOSTargetPlatform' loaded TargetPlatform 'IOS'
[2019.05.22-11.42.20:836][  0]LogTemp: Display: Module 'TVOSTargetPlatform' loaded TargetPlatform 'TVOSClient'
[2019.05.22-11.42.20:836][  0]LogTemp: Display: Module 'TVOSTargetPlatform' loaded TargetPlatform 'TVOS'
[2019.05.22-11.42.20:848][  0]LogTemp: Display: Module 'LinuxClientTargetPlatform' loaded TargetPlatform 'LinuxClient'
[2019.05.22-11.42.20:860][  0]LogTemp: Display: Module 'LinuxNoEditorTargetPlatform' loaded TargetPlatform 'LinuxNoEditor'
[2019.05.22-11.42.20:872][  0]LogTemp: Display: Module 'LinuxServerTargetPlatform' loaded TargetPlatform 'LinuxServer'
[2019.05.22-11.42.20:885][  0]LogTemp: Display: Module 'LinuxTargetPlatform' loaded TargetPlatform 'Linux'
[2019.05.22-11.42.20:929][  0]LogTemp: Display: Module 'LuminTargetPlatform' loaded TargetPlatform 'Lumin'
[2019.05.22-11.42.20:929][  0]LogTemp: Display: Module 'LuminTargetPlatform' loaded TargetPlatform 'LuminClient'
[2019.05.22-11.42.20:929][  0]LogTargetPlatformManager: Display: Building Assets For Windows
[2019.05.22-11.42.20:938][  0]LogAudioDebug: Display: Lib vorbis DLL was dynamically loaded.
[2019.05.22-11.42.20:995][  0]LogShaderCompilers: Guid format shader working directory is -53 characters bigger than the processId version (../../../../../../Users/Admin/Documents/Cours/Cours B2 Game/WokshopUnreal/WorkshopUnreal/MyProject/Intermediate/Shaders/WorkingDirectory/10404/).
[2019.05.22-11.42.20:995][  0]LogShaderCompilers: Cleaned the shader compiler working directory 'C:/Users/Admin/AppData/Local/Temp/UnrealShaderWorkingDir/BDF653E149FB1C43780DC0BDB126479A/'.
[2019.05.22-11.42.20:998][  0]LogXGEController: Cannot use XGE Controller as Incredibuild is not installed on this machine.
[2019.05.22-11.42.20:998][  0]LogShaderCompilers: Cannot use XGE Shader Compiler as Incredibuild is not installed on this machine.
[2019.05.22-11.42.20:998][  0]LogShaderCompilers: Display: Using Local Shader Compiler.
[2019.05.22-11.42.21:586][  0]LogDerivedDataCache: Display: Max Cache Size: 512 MB
[2019.05.22-11.42.21:637][  0]LogDerivedDataCache: Loaded boot cache 0.05s 71MB C:/Users/Admin/AppData/Local/UnrealEngine/4.22/DerivedDataCache/Boot.ddc.
[2019.05.22-11.42.21:637][  0]LogDerivedDataCache: Display: Loaded Boot cache: C:/Users/Admin/AppData/Local/UnrealEngine/4.22/DerivedDataCache/Boot.ddc
[2019.05.22-11.42.21:637][  0]LogDerivedDataCache: FDerivedDataBackendGraph:  Pak pak cache file ../../../../../../Users/Admin/Documents/Cours/Cours B2 Game/WokshopUnreal/WorkshopUnreal/MyProject/DerivedDataCache/DDC.ddp not found, will not use a pak cache.
[2019.05.22-11.42.21:637][  0]LogDerivedDataCache: Unable to find inner node Pak for hierarchical cache Hierarchy.
[2019.05.22-11.42.21:637][  0]LogDerivedDataCache: FDerivedDataBackendGraph:  CompressedPak pak cache file ../../../../../../Users/Admin/Documents/Cours/Cours B2 Game/WokshopUnreal/WorkshopUnreal/MyProject/DerivedDataCache/Compressed.ddp not found, will not use a pak cache.
[2019.05.22-11.42.21:637][  0]LogDerivedDataCache: Unable to find inner node CompressedPak for hierarchical cache Hierarchy.
[2019.05.22-11.42.21:651][  0]LogDerivedDataCache: Display: Pak cache opened for reading ../../../Engine/DerivedDataCache/Compressed.ddp.
[2019.05.22-11.42.21:651][  0]LogDerivedDataCache: FDerivedDataBackendGraph:  EnterprisePak pak cache file ../../../Enterprise/DerivedDataCache/Compressed.ddp not found, will not use a pak cache.
[2019.05.22-11.42.21:651][  0]LogDerivedDataCache: Unable to find inner node EnterprisePak for hierarchical cache Hierarchy.
[2019.05.22-11.42.21:664][  0]LogDerivedDataCache: Using Local data cache path C:/Users/Admin/AppData/Local/UnrealEngine/Common/DerivedDataCache: Writable
[2019.05.22-11.42.21:664][  0]LogDerivedDataCache: Shared data cache path not found in *engine.ini, will not use an Shared cache.
[2019.05.22-11.42.21:664][  0]LogDerivedDataCache: Unable to find inner node Shared for hierarchical cache Hierarchy.
[2019.05.22-11.42.21:689][  0]LogMaterial: Verifying Global Shaders for PCD3D_SM5
[2019.05.22-11.42.21:690][  0]LogSlate: Using FreeType 2.6.0
[2019.05.22-11.42.21:690][  0]LogSlate: SlateFontServices - WITH_FREETYPE: 1, WITH_HARFBUZZ: 1
[2019.05.22-11.42.21:793][  0]LogAssetRegistry: FAssetRegistry took 0.0335 seconds to start up
[2019.05.22-11.42.22:134][  0]LogInit: Selected Device Profile: [Windows]
[2019.05.22-11.42.22:272][  0]LogMeshReduction: Using QuadricMeshReduction for automatic static mesh reduction
[2019.05.22-11.42.22:272][  0]LogMeshReduction: Using SimplygonMeshReduction for automatic skeletal mesh reduction
[2019.05.22-11.42.22:272][  0]LogMeshReduction: Using ProxyLODMeshReduction for automatic mesh merging
[2019.05.22-11.42.22:272][  0]LogMeshReduction: No distributed automatic mesh merging module available
[2019.05.22-11.42.22:272][  0]LogMeshMerging: No distributed automatic mesh merging module available
[2019.05.22-11.42.22:284][  0]LogNetVersion: MyProject 1.0.0, NetCL: 5660361, EngineNetVer: 10, GameNetVer: 0 (Checksum: 2788865488)
[2019.05.22-11.42.22:715][  0]LogPackageLocalizationCache: Processed 10 localized package path(s) for 1 prioritized culture(s) in 0.044834 seconds
[2019.05.22-11.42.22:721][  0]LogUObjectArray: 42205 objects as part of root set at end of initial load.
[2019.05.22-11.42.22:721][  0]LogUObjectAllocator: 7325032 out of 0 bytes used by permanent object pool.
[2019.05.22-11.42.22:721][  0]LogUObjectArray: CloseDisregardForGC: 0/0 objects in disregard for GC pool
[2019.05.22-11.42.23:716][  0]LogTcpMessaging: Initializing TcpMessaging bridge
[2019.05.22-11.42.23:730][  0]LogUdpMessaging: Initializing bridge on interface 0.0.0.0:0 to multicast group 230.0.0.1:6666.
[2019.05.22-11.42.23:845][  0]SourceControl: Source control is disabled
[2019.05.22-11.42.23:845][  0]SourceControl: Source control is disabled
[2019.05.22-11.42.23:847][  0]SourceControl: Source control is disabled
[2019.05.22-11.42.23:848][  0]SourceControl: Source control is disabled
[2019.05.22-11.42.23:923][  0]LogAndroidPermission: UAndroidPermissionCallbackProxy::GetInstance
[2019.05.22-11.42.23:993][  0]LogOcInput: OculusInput pre-init called
[2019.05.22-11.42.24:797][  0]LogEngine: Initializing Engine...
[2019.05.22-11.42.24:798][  0]LogHMD: Failed to initialize OpenVR with code 100
[2019.05.22-11.42.24:800][  0]LogStats: UGameplayTagsManager::InitializeManager -  0.000 s
[2019.05.22-11.42.25:016][  0]LogInit: Initializing FReadOnlyCVARCache
[2019.05.22-11.42.25:032][  0]LogAIModule: Creating AISystem for world Untitled
[2019.05.22-11.42.25:048][  0]LogInit: XAudio2 using 'Haut-parleur (Conexant ISST Audio)' : 2 channels at 48 kHz using 32 bits per sample (channel mask 0x3)
[2019.05.22-11.42.25:358][  0]LogInit: FAudioDevice initialized.
[2019.05.22-11.42.25:358][  0]LogNetVersion: Set ProjectVersion to 1.0.0.0. Version Checksum will be recalculated on next use.
[2019.05.22-11.42.25:433][  0]LogDerivedDataCache: Saved boot cache 0.07s 71MB C:/Users/Admin/AppData/Local/UnrealEngine/4.22/DerivedDataCache/Boot.ddc.
[2019.05.22-11.42.25:433][  0]LogInit: Texture streaming: Enabled
[2019.05.22-11.42.25:458][  0]LogEngineSessionManager: EngineSessionManager initialized
[2019.05.22-11.42.25:482][  0]LogInit: Transaction tracking system initialized
[2019.05.22-11.42.25:514][  0]BlueprintLog: New page: Editor Load
[2019.05.22-11.42.25:614][  0]LocalizationService: Localization service is disabled
[2019.05.22-11.42.25:957][  0]LogFileCache: Scanning file cache for directory 'C:/Users/Admin/Documents/Cours/Cours B2 Game/WokshopUnreal/WorkshopUnreal/MyProject/Content/' took 0.02s
[2019.05.22-11.42.25:957][  0]LogCook: Display: Max memory allowance for cook 16384mb min free memory 0mb
[2019.05.22-11.42.25:957][  0]LogCook: Display: Mobile HDR setting 1
[2019.05.22-11.42.26:198][  0]SourceControl: Source control is disabled
[2019.05.22-11.42.26:198][  0]LightingResults: New page: Lighting Build
[2019.05.22-11.42.26:204][  0]MapCheck: New page: Map Check
[2019.05.22-11.42.26:204][  0]LightingResults: New page: Lighting Build
[2019.05.22-11.42.26:231][  0]LogUObjectHash: Compacting FUObjectHashTables data took   1.57ms
[2019.05.22-11.42.26:689][  0]LogAIModule: Creating AISystem for world FirstPersonExampleMap
[2019.05.22-11.42.26:726][  0]LogEditorServer: Finished looking for orphan Actors (0.000 secs)
[2019.05.22-11.42.26:755][  0]LogUObjectHash: Compacting FUObjectHashTables data took   2.19ms
[2019.05.22-11.42.26:755][  0]Cmd: MAP CHECKDEP NOCLEARLOG
[2019.05.22-11.42.26:755][  0]MapCheck: Map check complete: 0 Error(s), 0 Warning(s), took 0,153ms to complete.
[2019.05.22-11.42.26:756][  0]LogFileHelpers: Loading map 'FirstPersonExampleMap' took 0.558
[2019.05.22-11.42.26:856][  0]LogSlate: Updating window title bar state: overlay mode, drag disabled, window buttons hidden, title bar hidden
[2019.05.22-11.42.26:863][  0]LogSlate: Updating window title bar state: overlay mode, drag disabled, window buttons hidden, title bar hidden
[2019.05.22-11.42.26:870][  0]LogSlate: Updating window title bar state: overlay mode, drag disabled, window buttons hidden, title bar hidden
[2019.05.22-11.42.26:876][  0]LogSlate: Updating window title bar state: overlay mode, drag disabled, window buttons hidden, title bar hidden
[2019.05.22-11.42.26:885][  0]LogCollectionManager: Loaded 0 collections in 0.003241 seconds
[2019.05.22-11.42.26:914][  0]LogFileCache: Scanning file cache for directory 'C:/Users/Admin/Documents/Cours/Cours B2 Game/WokshopUnreal/WorkshopUnreal/MyProject/Saved/Collections/' took 0.01s
[2019.05.22-11.42.26:914][  0]LogFileCache: Scanning file cache for directory 'C:/Users/Admin/Documents/Cours/Cours B2 Game/WokshopUnreal/WorkshopUnreal/MyProject/Content/Developers/Admin/Collections/' took 0.01s
[2019.05.22-11.42.26:914][  0]LogFileCache: Scanning file cache for directory 'C:/Users/Admin/Documents/Cours/Cours B2 Game/WokshopUnreal/WorkshopUnreal/MyProject/Content/Collections/' took 0.00s
[2019.05.22-11.42.26:914][  0]LogCollectionManager: Rebuilt the GUID cache for 0 collections in 0.000000 seconds
[2019.05.22-11.42.26:922][  0]LogContentBrowser: Native class hierarchy populated in 0.0079 seconds. Added 2732 classes and 659 folders.
[2019.05.22-11.42.26:930][  0]LogContentBrowser: Native class hierarchy updated for 'WidgetCarousel' in 0.0002 seconds. Added 0 classes and 0 folders.
[2019.05.22-11.42.26:932][  0]LogPakFile: Registered encryption key '00000000000000000000000000000000': 0 pak files mounted, 0 remain pending
[2019.05.22-11.42.26:933][  0]LogPakFile: Registered encryption key '00000000000000000000000000000000': 0 pak files mounted, 0 remain pending
[2019.05.22-11.42.26:934][  0]LogPakFile: Registered encryption key '00000000000000000000000000000000': 0 pak files mounted, 0 remain pending
[2019.05.22-11.42.26:935][  0]LogPakFile: Registered encryption key '00000000000000000000000000000000': 0 pak files mounted, 0 remain pending
[2019.05.22-11.42.26:935][  0]LogPakFile: Registered encryption key '00000000000000000000000000000000': 0 pak files mounted, 0 remain pending
[2019.05.22-11.42.26:936][  0]LogPakFile: Registered encryption key '00000000000000000000000000000000': 0 pak files mounted, 0 remain pending
[2019.05.22-11.42.26:937][  0]LogPakFile: Registered encryption key '00000000000000000000000000000000': 0 pak files mounted, 0 remain pending
[2019.05.22-11.42.26:937][  0]LogPakFile: Registered encryption key '00000000000000000000000000000000': 0 pak files mounted, 0 remain pending
[2019.05.22-11.42.26:938][  0]LogPakFile: Registered encryption key '00000000000000000000000000000000': 0 pak files mounted, 0 remain pending
[2019.05.22-11.42.26:939][  0]LogPakFile: Registered encryption key '00000000000000000000000000000000': 0 pak files mounted, 0 remain pending
[2019.05.22-11.42.26:939][  0]LogPakFile: Registered encryption key '00000000000000000000000000000000': 0 pak files mounted, 0 remain pending
[2019.05.22-11.42.26:940][  0]LogPakFile: Registered encryption key '00000000000000000000000000000000': 0 pak files mounted, 0 remain pending
[2019.05.22-11.42.26:941][  0]LogPakFile: Registered encryption key '00000000000000000000000000000000': 0 pak files mounted, 0 remain pending
[2019.05.22-11.42.26:941][  0]LogPakFile: Registered encryption key '00000000000000000000000000000000': 0 pak files mounted, 0 remain pending
[2019.05.22-11.42.26:942][  0]LogPakFile: Registered encryption key '00000000000000000000000000000000': 0 pak files mounted, 0 remain pending
[2019.05.22-11.42.26:942][  0]LogPakFile: Registered encryption key '00000000000000000000000000000000': 0 pak files mounted, 0 remain pending
[2019.05.22-11.42.26:943][  0]LogPakFile: Registered encryption key '00000000000000000000000000000000': 0 pak files mounted, 0 remain pending
[2019.05.22-11.42.26:944][  0]LogPakFile: Registered encryption key '00000000000000000000000000000000': 0 pak files mounted, 0 remain pending
[2019.05.22-11.42.26:944][  0]LogPakFile: Registered encryption key '00000000000000000000000000000000': 0 pak files mounted, 0 remain pending
[2019.05.22-11.42.26:945][  0]LogPakFile: Registered encryption key '00000000000000000000000000000000': 0 pak files mounted, 0 remain pending
[2019.05.22-11.42.26:945][  0]LogPakFile: Registered encryption key '00000000000000000000000000000000': 0 pak files mounted, 0 remain pending
[2019.05.22-11.42.26:946][  0]LogPakFile: Registered encryption key '00000000000000000000000000000000': 0 pak files mounted, 0 remain pending
[2019.05.22-11.42.26:947][  0]LogPakFile: Registered encryption key '00000000000000000000000000000000': 0 pak files mounted, 0 remain pending
[2019.05.22-11.42.26:947][  0]LogPakFile: Registered encryption key '00000000000000000000000000000000': 0 pak files mounted, 0 remain pending
[2019.05.22-11.42.26:948][  0]LogPakFile: Registered encryption key '00000000000000000000000000000000': 0 pak files mounted, 0 remain pending
[2019.05.22-11.42.26:948][  0]LogPakFile: Registered encryption key '00000000000000000000000000000000': 0 pak files mounted, 0 remain pending
[2019.05.22-11.42.27:012][  0]LogContentBrowser: Native class hierarchy updated for 'AddContentDialog' in 0.0002 seconds. Added 0 classes and 0 folders.
[2019.05.22-11.42.27:018][  0]LogContentBrowser: Native class hierarchy updated for 'SceneOutliner' in 0.0002 seconds. Added 1 classes and 2 folders.
[2019.05.22-11.42.27:091][  0]LogSlate: Took 0.000433 seconds to synchronously load lazily loaded font '../../../Engine/Content/Slate/Fonts/Roboto-Regular.ttf' (155K)
[2019.05.22-11.42.27:094][  0]LogSlate: Took 0.000202 seconds to synchronously load lazily loaded font '../../../Engine/Content/Slate/Fonts/Roboto-Bold.ttf' (160K)
[2019.05.22-11.42.27:099][  0]LogSlate: Took 0.000252 seconds to synchronously load lazily loaded font '../../../Engine/Content/Editor/Slate/Fonts/FontAwesome.ttf' (139K)
[2019.05.22-11.42.27:169][  0]LogRenderer: Reallocating scene render targets to support 1108x624 Format 10 NumSamples 1 (Frame:1).
[2019.05.22-11.42.27:308][  0]LogContentBrowser: Native class hierarchy updated for 'HierarchicalLODOutliner' in 0.0002 seconds. Added 0 classes and 0 folders.
[2019.05.22-11.42.27:308][  0]LogLoad: (Engine Initialization) Total time: 10.23 seconds
[2019.05.22-11.42.27:308][  0]LogLoad: (Engine Initialization) Total Blueprint compile time: 0.00 seconds
[2019.05.22-11.42.27:327][  0]LogWindowsTextInputMethodSystem: Display: IME system now deactivated.
[2019.05.22-11.42.27:353][  0]LogAssetRegistry: Asset discovery search completed in 5.5829 seconds
[2019.05.22-11.42.27:355][  0]LogCollectionManager: Rebuilt the object cache for 0 collections in 0.000000 seconds (found 0 objects)
[2019.05.22-11.42.27:355][  0]LogCollectionManager: Fixed up redirectors for 0 collections in 0.000042 seconds (updated 0 objects)
[2019.05.22-11.42.27:356][  0]LogContentStreaming: Texture pool size now 1000 MB
[2019.05.22-11.42.27:392][  0]LogSlate: Took 0.000280 seconds to synchronously load lazily loaded font '../../../Engine/Content/Slate/Fonts/Roboto-Light.ttf' (167K)
[2019.05.22-11.42.40:775][800]LogSlate: FSceneViewport::OnFocusLost() reason 0
[2019.05.22-11.43.15:301][792]LogSlate: FSceneViewport::OnFocusLost() reason 0
[2019.05.22-11.43.29:925][667]LogSlate: Took 0.000260 seconds to synchronously load lazily loaded font '../../../Engine/Content/Slate/Fonts/Roboto-Light.ttf' (167K)
[2019.05.22-11.43.29:934][667]LogAssetEditorManager: Opening Asset editor for UserDefinedStruct /Game/Blueprints/Ennemi/S_EnnemiType.S_EnnemiType
[2019.05.22-11.43.31:146][737]LogSlate: Window 'S_EnnemiType' being destroyed
[2019.05.22-11.43.40:575][300]LogSlate: Took 0.000303 seconds to synchronously load lazily loaded font '../../../Engine/Content/Slate/Fonts/Roboto-BoldCondensedItalic.ttf' (160K)
[2019.05.22-11.44.01:589][560]LogUObjectHash: Compacting FUObjectHashTables data took   1.56ms
[2019.05.22-11.44.03:300][560]LogSlate: Window 'Delete Assets' being destroyed
[2019.05.22-11.44.03:374][560]LogUObjectHash: Compacting FUObjectHashTables data took   1.66ms
[2019.05.22-11.44.16:037][316]LogAssetEditorManager: Opening Asset editor for UserDefinedEnum /Game/Blueprints/Ennemi/E_EnemyType.E_EnemyType
[2019.05.22-11.44.17:132][379]LogSlate: Window 'E_EnemyType' being destroyed
[2019.05.22-11.45.16:395][933]LogSavePackage: Moving '../../../../../../Users/Admin/Documents/Cours/Cours B2 Game/WokshopUnreal/WorkshopUnreal/MyProject/Saved/E_EnemyType3540B6CF4F3A9B745D2C89A3BC7762A2.tmp' to '../../../../../../Users/Admin/Documents/Cours/Cours B2 Game/WokshopUnreal/WorkshopUnreal/MyProject/Content/Blueprints/Ennemi/E_EnemyType.uasset'
[2019.05.22-11.45.28:638][666]LogSavePackage: Moving '../../../../../../Users/Admin/Documents/Cours/Cours B2 Game/WokshopUnreal/WorkshopUnreal/MyProject/Saved/E_EnemyTypeCD5953F542851F42C1A1F089BD504986.tmp' to '../../../../../../Users/Admin/Documents/Cours/Cours B2 Game/WokshopUnreal/WorkshopUnreal/MyProject/Content/Blueprints/Ennemi/E_EnemyType.uasset'
[2019.05.22-11.45.31:392][824]LogAssetEditorManager: Opening Asset editor for Blueprint /Game/Blueprints/Ennemi/BP_Ennemi.BP_Ennemi
[2019.05.22-11.45.31:613][824]LogContentBrowser: Native class hierarchy updated for 'BlueprintGraph' in 0.0005 seconds. Added 121 classes and 0 folders.
[2019.05.22-11.45.32:382][824]LogSlate: Took 0.000679 seconds to synchronously load lazily loaded font '../../../Engine/Content/Slate/Fonts/Roboto-BoldCondensed.ttf' (158K)
[2019.05.22-11.45.32:459][825]LogSlate: Took 0.000261 seconds to synchronously load lazily loaded font '../../../Engine/Content/Slate/Fonts/Roboto-Italic.ttf' (157K)
[2019.05.22-11.45.51:452][954]BlueprintLog: New page: Compile BP_Ennemi
[2019.05.22-11.45.51:652][954]LogUObjectHash: Compacting FUObjectHashTables data took   3.52ms
[2019.05.22-11.45.52:071][972]LogSavePackage: Moving '../../../../../../Users/Admin/Documents/Cours/Cours B2 Game/WokshopUnreal/WorkshopUnreal/MyProject/Saved/BP_EnnemiF66104BA4E2F850B00A169ADAEE26DD1.tmp' to '../../../../../../Users/Admin/Documents/Cours/Cours B2 Game/WokshopUnreal/WorkshopUnreal/MyProject/Content/Blueprints/Ennemi/BP_Ennemi.uasset'
[2019.05.22-11.45.56:601][241]BlueprintLog: New page: Compile BP_Ennemi
[2019.05.22-11.45.56:793][241]LogUObjectHash: Compacting FUObjectHashTables data took   3.21ms
[2019.05.22-11.45.57:230][261]LogSavePackage: Moving '../../../../../../Users/Admin/Documents/Cours/Cours B2 Game/WokshopUnreal/WorkshopUnreal/MyProject/Saved/BP_EnnemiC95D4E07483852C3ECADDD8C4B6A387C.tmp' to '../../../../../../Users/Admin/Documents/Cours/Cours B2 Game/WokshopUnreal/WorkshopUnreal/MyProject/Content/Blueprints/Ennemi/BP_Ennemi.uasset'
[2019.05.22-11.50.01:274][896]BlueprintLog: New page: Compile BP_Ennemi
[2019.05.22-11.50.01:479][896]LogUObjectHash: Compacting FUObjectHashTables data took   3.15ms
[2019.05.22-11.50.01:799][910]LogSavePackage: Moving '../../../../../../Users/Admin/Documents/Cours/Cours B2 Game/WokshopUnreal/WorkshopUnreal/MyProject/Saved/BP_EnnemiF0969A114118234BB91CE68F7CF6C73D.tmp' to '../../../../../../Users/Admin/Documents/Cours/Cours B2 Game/WokshopUnreal/WorkshopUnreal/MyProject/Content/Blueprints/Ennemi/BP_Ennemi.uasset'
[2019.05.22-11.50.15:249][713]LogSavePackage: Moving '../../../../../../Users/Admin/Documents/Cours/Cours B2 Game/WokshopUnreal/WorkshopUnreal/MyProject/Saved/BP_Ennemi1389995E479D1B598824F49C6A4892A1.tmp' to '../../../../../../Users/Admin/Documents/Cours/Cours B2 Game/WokshopUnreal/WorkshopUnreal/MyProject/Content/Blueprints/Ennemi/BP_Ennemi.uasset'
[2019.05.22-11.50.42:935][371]BlueprintLog: New page: Compile BP_Ennemi
[2019.05.22-11.50.43:131][371]LogUObjectHash: Compacting FUObjectHashTables data took   3.16ms
[2019.05.22-11.50.43:540][391]LogSavePackage: Moving '../../../../../../Users/Admin/Documents/Cours/Cours B2 Game/WokshopUnreal/WorkshopUnreal/MyProject/Saved/BP_Ennemi06B1D40C4FDD54B8DCF3EE9F20D84242.tmp' to '../../../../../../Users/Admin/Documents/Cours/Cours B2 Game/WokshopUnreal/WorkshopUnreal/MyProject/Content/Blueprints/Ennemi/BP_Ennemi.uasset'
[2019.05.22-11.50.58:934][312]LogRenderer: Reallocating scene render targets to support 1160x688 Format 10 NumSamples 1 (Frame:1).
[2019.05.22-11.52.27:695][624]LogUObjectHash: Compacting FUObjectHashTables data took   2.88ms
[2019.05.22-11.52.27:896][624]LogSavePackage: Moving '../../../../../../Users/Admin/Documents/Cours/Cours B2 Game/WokshopUnreal/WorkshopUnreal/MyProject/Saved/FirstPersonExampleMap_Auto1223E41624CCFB82A0246D48D7CF4262A.tmp' to '../../../../../../Users/Admin/Documents/Cours/Cours B2 Game/WokshopUnreal/WorkshopUnreal/MyProject/Saved/Autosaves/Game/FirstPersonBP/Maps/FirstPersonExampleMap_Auto1.umap'
[2019.05.22-11.52.27:900][624]LogFileHelpers: Editor autosave (incl. sublevels) for '/Game/FirstPersonBP/Maps/FirstPersonExampleMap' took 0.235
[2019.05.22-11.52.27:900][624]LogFileHelpers: Editor autosave (incl. sublevels) for all levels took 0.235
[2019.05.22-11.53.32:140][471]LogUObjectHash: Compacting FUObjectHashTables data took   2.69ms
[2019.05.22-11.53.32:333][471]LogSavePackage: Moving '../../../../../../Users/Admin/Documents/Cours/Cours B2 Game/WokshopUnreal/WorkshopUnreal/MyProject/Saved/FirstPersonExampleMap7B2D642F421D6116DCD4D3B575283E97.tmp' to '../../../../../../Users/Admin/Documents/Cours/Cours B2 Game/WokshopUnreal/WorkshopUnreal/MyProject/Content/FirstPersonBP/Maps/FirstPersonExampleMap.umap'
[2019.05.22-11.53.33:585][471]LogSavePackage: Moving '../../../../../../Users/Admin/Documents/Cours/Cours B2 Game/WokshopUnreal/WorkshopUnreal/MyProject/Saved/FirstPersonExampleMap_BuiltDataB82B1C824D5A81527ED17DA5C9C68632.tmp' to '../../../../../../Users/Admin/Documents/Cours/Cours B2 Game/WokshopUnreal/WorkshopUnreal/MyProject/Content/FirstPersonBP/Maps/FirstPersonExampleMap_BuiltData.uasset'
[2019.05.22-11.54.46:498][192]LogSlate: FSceneViewport::OnFocusLost() reason 0
[2019.05.22-11.54.46:616][197]LogUObjectHash: Compacting FUObjectHashTables data took   2.81ms
[2019.05.22-11.54.46:674][197]LogSlate: Window 'MyProject - Unreal Editor' being destroyed
[2019.05.22-11.54.46:868][198]Cmd: QUIT_EDITOR
[2019.05.22-11.54.46:904][198]LogWindowsTextInputMethodSystem: Display: IME system now deactivated.
[2019.05.22-11.54.46:914][198]LogExit: Preparing to exit.
[2019.05.22-11.54.47:148][198]LogExit: Editor shut down
[2019.05.22-11.54.47:149][198]LogExit: Transaction tracking system shut down
[2019.05.22-11.54.47:347][198]LogExit: Object subsystem successfully closed.
[2019.05.22-11.54.47:390][198]LogShaderCompilers: Display: Shaders left to compile 0
[2019.05.22-11.54.47:393][198]LogD3D11RHI: Shutdown
[2019.05.22-11.54.47:393][198]LogD3D11RHI: CleanupD3DDevice
[2019.05.22-11.54.47:394][198]LogRendererCore: FGlobalReadBuffer::ReleaseRHI
[2019.05.22-11.54.47:394][198]LogRendererCore: FGlobalDynamicReadBuffer::Cleanup()
[2019.05.22-11.54.47:394][198]LogRendererCore: FGlobalReadBuffer::ReleaseRHI
[2019.05.22-11.54.47:394][198]LogRendererCore: FGlobalDynamicReadBuffer::Cleanup()
[2019.05.22-11.54.47:394][198]LogRendererCore: FGlobalReadBuffer::ReleaseRHI
[2019.05.22-11.54.47:394][198]LogRendererCore: FGlobalDynamicReadBuffer::Cleanup()
[2019.05.22-11.54.47:465][198]LogD3D11RHI: ~FD3D11DynamicRHI
[2019.05.22-11.54.47:487][198]LogModuleManager: Shutting down and abandoning module BlueprintGraph (644)
[2019.05.22-11.54.47:487][198]LogModuleManager: Shutting down and abandoning module HierarchicalLODOutliner (642)
[2019.05.22-11.54.47:487][198]LogModuleManager: Shutting down and abandoning module SceneOutliner (640)
[2019.05.22-11.54.47:488][198]LogModuleManager: Shutting down and abandoning module AddContentDialog (638)
[2019.05.22-11.54.47:488][198]LogModuleManager: Shutting down and abandoning module WidgetCarousel (637)
[2019.05.22-11.54.47:488][198]LogModuleManager: Shutting down and abandoning module EditorWidgets (634)
[2019.05.22-11.54.47:488][198]LogModuleManager: Shutting down and abandoning module CollectionManager (632)
[2019.05.22-11.54.47:488][198]LogModuleManager: Shutting down and abandoning module StatsViewer (630)
[2019.05.22-11.54.47:488][198]LogModuleManager: Shutting down and abandoning module FoliageEdit (628)
[2019.05.22-11.54.47:488][198]LogModuleManager: Shutting down and abandoning module LandscapeEditor (626)
[2019.05.22-11.54.47:488][198]LogModuleManager: Shutting down and abandoning module MeshPaintMode (624)
[2019.05.22-11.54.47:488][198]LogModuleManager: Shutting down and abandoning module SceneDepthPickerMode (622)
[2019.05.22-11.54.47:488][198]LogModuleManager: Shutting down and abandoning module ActorPickerMode (620)
[2019.05.22-11.54.47:488][198]LogModuleManager: Shutting down and abandoning module GeometryMode (618)
[2019.05.22-11.54.47:488][198]LogModuleManager: Shutting down and abandoning module TextureAlignMode (616)
[2019.05.22-11.54.47:488][198]LogModuleManager: Shutting down and abandoning module BspMode (614)
[2019.05.22-11.54.47:488][198]LogModuleManager: Shutting down and abandoning module PIEPreviewDeviceProfileSelector (612)
[2019.05.22-11.54.47:488][198]LogModuleManager: Shutting down and abandoning module SequenceRecorderSections (610)
[2019.05.22-11.54.47:488][198]LogModuleManager: Shutting down and abandoning module AutomationWorker (608)
[2019.05.22-11.54.47:488][198]LogModuleManager: Shutting down and abandoning module OculusMR (606)
[2019.05.22-11.54.47:488][198]LogModuleManager: Shutting down and abandoning module AudioCaptureEditor (604)
[2019.05.22-11.54.47:488][198]LogModuleManager: Shutting down and abandoning module MatineeToLevelSequence (602)
[2019.05.22-11.54.47:488][198]LogModuleManager: Shutting down and abandoning module LevelSequenceEditor (600)
[2019.05.22-11.54.47:488][198]LogModuleManager: Shutting down and abandoning module PlacementMode (599)
[2019.05.22-11.54.47:488][198]LogModuleManager: Shutting down and abandoning module MaterialEditor (598)
[2019.05.22-11.54.47:488][198]LogModuleManager: Shutting down and abandoning module ActorSequenceEditor (594)
[2019.05.22-11.54.47:488][198]LogModuleManager: Shutting down and abandoning module WmfMediaFactory (592)
[2019.05.22-11.54.47:489][198]LogModuleManager: Shutting down and abandoning module WmfMediaEditor (590)
[2019.05.22-11.54.47:489][198]LogModuleManager: Shutting down and abandoning module WebMMediaFactory (588)
[2019.05.22-11.54.47:489][198]LogModuleManager: Shutting down and abandoning module WebMMediaEditor (586)
[2019.05.22-11.54.47:489][198]LogModuleManager: Shutting down and abandoning module WebMMedia (584)
[2019.05.22-11.54.47:489][198]LogModuleManager: Shutting down and abandoning module MediaPlayerEditor (582)
[2019.05.22-11.54.47:489][198]LogModuleManager: Shutting down and abandoning module MediaCompositingEditor (580)
[2019.05.22-11.54.47:489][198]LogModuleManager: Shutting down and abandoning module SequenceRecorder (579)
[2019.05.22-11.54.47:489][198]LogModuleManager: Shutting down and abandoning module OpenExrWrapper (576)
[2019.05.22-11.54.47:489][198]LogModuleManager: Shutting down and abandoning module ImgMediaFactory (574)
[2019.05.22-11.54.47:489][198]LogModuleManager: Shutting down and abandoning module ImgMediaEditor (572)
[2019.05.22-11.54.47:489][198]LogModuleManager: Shutting down and abandoning module AvfMediaFactory (570)
[2019.05.22-11.54.47:489][198]LogModuleManager: Shutting down and abandoning module AvfMediaEditor (568)
[2019.05.22-11.54.47:489][198]LogModuleManager: Shutting down and abandoning module AndroidMediaFactory (566)
[2019.05.22-11.54.47:489][198]LogModuleManager: Shutting down and abandoning module AndroidMediaEditor (564)
[2019.05.22-11.54.47:489][198]LogModuleManager: Shutting down and abandoning module MagicLeapCameraPreviewFactory (562)
[2019.05.22-11.54.47:489][198]LogModuleManager: Shutting down and abandoning module MagicLeapMediaCodecFactory (560)
[2019.05.22-11.54.47:489][198]LogModuleManager: Shutting down and abandoning module MagicLeapMediaFactory (558)
[2019.05.22-11.54.47:489][198]LogModuleManager: Shutting down and abandoning module MagicLeapMediaEditor (556)
[2019.05.22-11.54.47:489][198]LogModuleManager: Shutting down and abandoning module CharacterAI (554)
[2019.05.22-11.54.47:489][198]LogModuleManager: Shutting down and abandoning module SmartSnapping (552)
[2019.05.22-11.54.47:489][198]LogModuleManager: Shutting down and abandoning module SessionServices (550)
[2019.05.22-11.54.47:489][198]LogModuleManager: Shutting down and abandoning module MeshPaint (548)
[2019.05.22-11.54.47:489][198]LogModuleManager: Shutting down and abandoning module ViewportSnapping (546)
[2019.05.22-11.54.47:489][198]LogModuleManager: Shutting down and abandoning module ViewportInteraction (544)
[2019.05.22-11.54.47:489][198]LogModuleManager: Shutting down and abandoning module ClothPainter (542)
[2019.05.22-11.54.47:489][198]LogModuleManager: Shutting down and abandoning module SkeletalMeshEditor (541)
[2019.05.22-11.54.47:489][198]LogModuleManager: Shutting down and abandoning module LogVisualizer (538)
[2019.05.22-11.54.47:489][198]LogModuleManager: Shutting down and abandoning module IntroTutorials (536)
[2019.05.22-11.54.47:489][198]LogModuleManager: Shutting down and abandoning module GameProjectGeneration (535)
[2019.05.22-11.54.47:489][198]LogModuleManager: Shutting down and abandoning module LuminPlatformEditor (532)
[2019.05.22-11.54.47:489][198]LogModuleManager: Shutting down and abandoning module IOSPlatformEditor (530)
[2019.05.22-11.54.47:489][198]LogModuleManager: Shutting down and abandoning module HTML5PlatformEditor (528)
[2019.05.22-11.54.47:489][198]LogModuleManager: Shutting down and abandoning module AndroidPlatformEditor (526)
[2019.05.22-11.54.47:489][198]LogModuleManager: Shutting down and abandoning module AndroidDeviceDetection (525)
[2019.05.22-11.54.48:134][198]LogModuleManager: Shutting down and abandoning module WindowsPlatformEditor (522)
[2019.05.22-11.54.48:134][198]LogModuleManager: Shutting down and abandoning module LuminRuntimeSettings (520)
[2019.05.22-11.54.48:134][198]LogModuleManager: Shutting down and abandoning module IOSRuntimeSettings (518)
[2019.05.22-11.54.48:134][198]LogModuleManager: Shutting down and abandoning module AndroidRuntimeSettings (516)
[2019.05.22-11.54.48:134][198]LogModuleManager: Shutting down and abandoning module TimeManagementEditor (514)
[2019.05.22-11.54.48:134][198]LogModuleManager: Shutting down and abandoning module InputBindingEditor (512)
[2019.05.22-11.54.48:134][198]LogModuleManager: Shutting down and abandoning module MergeActors (510)
[2019.05.22-11.54.48:134][198]LogModuleManager: Shutting down and abandoning module LocalizationDashboard (508)
[2019.05.22-11.54.48:134][198]LogModuleManager: Shutting down and abandoning module LocalizationService (507)
[2019.05.22-11.54.48:134][198]LogModuleManager: Shutting down and abandoning module HardwareTargeting (504)
[2019.05.22-11.54.48:134][198]LogModuleManager: Shutting down and abandoning module DeviceProfileEditor (502)
[2019.05.22-11.54.48:134][198]LogModuleManager: Shutting down and abandoning module UndoHistory (500)
[2019.05.22-11.54.48:134][198]LogModuleManager: Shutting down and abandoning module XmlParser (498)
[2019.05.22-11.54.48:135][198]LogModuleManager: Shutting down and abandoning module Blutility (496)
[2019.05.22-11.54.48:135][198]LogModuleManager: Shutting down and abandoning module ProjectSettingsViewer (494)
[2019.05.22-11.54.48:135][198]LogModuleManager: Shutting down and abandoning module ProjectTargetPlatformEditor (493)
[2019.05.22-11.54.48:135][198]LogModuleManager: Shutting down and abandoning module EditorSettingsViewer (490)
[2019.05.22-11.54.48:135][198]LogModuleManager: Shutting down and abandoning module SettingsEditor (488)
[2019.05.22-11.54.48:135][198]LogModuleManager: Shutting down and abandoning module ProjectLauncher (486)
[2019.05.22-11.54.48:135][198]LogModuleManager: Shutting down and abandoning module SessionFrontend (484)
[2019.05.22-11.54.48:135][198]LogModuleManager: Shutting down and abandoning module ProfilerClient (482)
[2019.05.22-11.54.48:135][198]LogModuleManager: Shutting down and abandoning module DeviceManager (480)
[2019.05.22-11.54.48:135][198]LogModuleManager: Shutting down and abandoning module TargetDeviceServices (479)
[2019.05.22-11.54.48:179][198]LogModuleManager: Shutting down and abandoning module AutomationController (476)
[2019.05.22-11.54.48:179][198]LogModuleManager: Shutting down and abandoning module AutomationWindow (474)
[2019.05.22-11.54.48:179][198]LogModuleManager: Shutting down and abandoning module Layers (472)
[2019.05.22-11.54.48:179][198]LogModuleManager: Shutting down and abandoning module ComponentVisualizers (470)
[2019.05.22-11.54.48:179][198]LogModuleManager: Shutting down and abandoning module DetailCustomizations (468)
[2019.05.22-11.54.48:179][198]LogModuleManager: Shutting down and abandoning module PackagesDialog (466)
[2019.05.22-11.54.48:179][198]LogModuleManager: Shutting down and abandoning module AnimationBlueprintEditor (464)
[2019.05.22-11.54.48:179][198]LogModuleManager: Shutting down and abandoning module Persona (462)
[2019.05.22-11.54.48:179][198]LogModuleManager: Shutting down and abandoning module AdvancedPreviewScene (461)
[2019.05.22-11.54.48:179][198]LogModuleManager: Shutting down and abandoning module AnimGraph (459)
[2019.05.22-11.54.48:179][198]LogModuleManager: Shutting down and abandoning module Kismet (456)
[2019.05.22-11.54.48:183][198]LogModuleManager: Shutting down and abandoning module GraphEditor (454)
[2019.05.22-11.54.48:183][198]LogModuleManager: Shutting down and abandoning module ClassViewer (452)
[2019.05.22-11.54.48:183][198]LogModuleManager: Shutting down and abandoning module Toolbox (450)
[2019.05.22-11.54.48:183][198]LogModuleManager: Shutting down and abandoning module ModuleUI (448)
[2019.05.22-11.54.48:183][198]LogModuleManager: Shutting down and abandoning module MovieSceneTools (446)
[2019.05.22-11.54.48:183][198]LogModuleManager: Shutting down and abandoning module OutputLog (444)
[2019.05.22-11.54.48:183][198]LogModuleManager: Shutting down and abandoning module GammaUI (442)
[2019.05.22-11.54.48:183][198]LogModuleManager: Shutting down and abandoning module Documentation (440)
[2019.05.22-11.54.48:183][198]LogModuleManager: Shutting down and abandoning module LiveCoding (438)
[2019.05.22-11.54.48:183][198]LogModuleManager: Shutting down and abandoning module LevelSequence (436)
[2019.05.22-11.54.48:183][198]LogModuleManager: Shutting down and abandoning module MovieSceneTracks (434)
[2019.05.22-11.54.48:183][198]LogModuleManager: Shutting down and abandoning module MovieScene (432)
[2019.05.22-11.54.48:183][198]LogModuleManager: Shutting down and abandoning module StreamingPauseRendering (430)
[2019.05.22-11.54.48:183][198]LogModuleManager: Shutting down and abandoning module LauncherPlatform (428)
[2019.05.22-11.54.48:183][198]LogModuleManager: Shutting down and abandoning module AnalyticsET (426)
[2019.05.22-11.54.48:183][198]LogModuleManager: Shutting down and abandoning module PortalServices (424)
[2019.05.22-11.54.48:183][198]LogModuleManager: Shutting down and abandoning module PortalRpc (422)
[2019.05.22-11.54.48:183][198]LogModuleManager: Shutting down and abandoning module MessagingRpc (420)
[2019.05.22-11.54.48:183][198]LogModuleManager: Shutting down and abandoning module AIModule (418)
[2019.05.22-11.54.48:183][198]LogModuleManager: Shutting down and abandoning module GameplayDebugger (417)
[2019.05.22-11.54.48:183][198]LogModuleManager: Shutting down and abandoning module AITestSuite (415)
[2019.05.22-11.54.48:183][198]LogModuleManager: Shutting down and abandoning module NavigationSystem (413)
[2019.05.22-11.54.48:183][198]LogModuleManager: Shutting down and abandoning module DesktopPlatform (410)
[2019.05.22-11.54.48:183][198]LogModuleManager: Shutting down and abandoning module ImageWriteQueue (408)
[2019.05.22-11.54.48:186][198]LogModuleManager: Shutting down and abandoning module ProfilerService (406)
[2019.05.22-11.54.48:389][198]LogModuleManager: Shutting down and abandoning module TaskGraph (404)
[2019.05.22-11.54.48:389][198]LogModuleManager: Shutting down and abandoning module SteamVRController (402)
[2019.05.22-11.54.48:389][198]LogModuleManager: Shutting down and abandoning module ProceduralMeshComponentEditor (400)
[2019.05.22-11.54.48:389][198]LogModuleManager: Shutting down and abandoning module ProceduralMeshComponent (398)
[2019.05.22-11.54.48:389][198]LogModuleManager: Shutting down and abandoning module OculusEditor (396)
[2019.05.22-11.54.48:389][198]LogModuleManager: Shutting down and abandoning module OculusInput (394)
[2019.05.22-11.54.48:389][198]LogModuleManager: Shutting down and abandoning module MobilePatchingUtils (392)
[2019.05.22-11.54.48:389][198]LogModuleManager: Shutting down and abandoning module EditableMesh (390)
[2019.05.22-11.54.48:389][198]LogModuleManager: Shutting down and abandoning module CustomMeshComponent (388)
[2019.05.22-11.54.48:389][198]LogModuleManager: Shutting down and abandoning module CableComponent (386)
[2019.05.22-11.54.48:390][198]LogModuleManager: Shutting down and abandoning module AudioCapture (384)
[2019.05.22-11.54.48:390][198]LogModuleManager: Shutting down and abandoning module ArchVisCharacter (382)
[2019.05.22-11.54.48:390][198]LogModuleManager: Shutting down and abandoning module AndroidPermission (380)
[2019.05.22-11.54.48:390][198]LogModuleManager: Shutting down and abandoning module NUTUnrealEngine4 (378)
[2019.05.22-11.54.48:390][198]LogModuleManager: Shutting down and abandoning module NetcodeUnitTest (376)
[2019.05.22-11.54.48:390][198]LogModuleManager: Shutting down and abandoning module MediaCompositing (374)
[2019.05.22-11.54.48:390][198]LogModuleManager: Shutting down and abandoning module LinearTimecode (372)
[2019.05.22-11.54.48:390][198]LogModuleManager: Shutting down and abandoning module ImgMedia (370)
[2019.05.22-11.54.48:390][198]LogModuleManager: Shutting down and abandoning module MagicLeapHelperVulkan (368)
[2019.05.22-11.54.48:390][198]LogModuleManager: Shutting down and abandoning module MagicLeapHelperOpenGL (366)
[2019.05.22-11.54.48:390][198]LogModuleManager: Shutting down and abandoning module MagicLeapAudio (364)
[2019.05.22-11.54.48:390][198]LogModuleManager: Shutting down and abandoning module HTML5Networking (362)
[2019.05.22-11.54.48:390][198]LogModuleManager: Shutting down and abandoning module GeometryCacheTracks (360)
[2019.05.22-11.54.48:390][198]LogModuleManager: Shutting down and abandoning module GeometryCacheSequencer (358)
[2019.05.22-11.54.48:390][198]LogModuleManager: Shutting down and abandoning module BackChannel (356)
[2019.05.22-11.54.48:390][198]LogModuleManager: Shutting down and abandoning module AppleVision (354)
[2019.05.22-11.54.48:390][198]LogModuleManager: Shutting down and abandoning module AppleImageUtilsBlueprintSupport (352)
[2019.05.22-11.54.48:390][198]LogModuleManager: Shutting down and abandoning module AppleImageUtils (350)
[2019.05.22-11.54.48:390][198]LogModuleManager: Shutting down and abandoning module AlembicImporter (348)
[2019.05.22-11.54.48:390][198]LogModuleManager: Shutting down and abandoning module AlembicLibrary (347)
[2019.05.22-11.54.48:390][198]LogModuleManager: Shutting down and abandoning module GeometryCache (346)
[2019.05.22-11.54.48:390][198]LogModuleManager: Shutting down and abandoning module GeometryCacheEd (345)
[2019.05.22-11.54.48:390][198]LogModuleManager: Shutting down and abandoning module VariantManagerContent (340)
[2019.05.22-11.54.48:390][198]LogModuleManager: Shutting down and abandoning module DatasmithContentEditor (338)
[2019.05.22-11.54.48:390][198]LogModuleManager: Shutting down and abandoning module SpeedTreeImporter (336)
[2019.05.22-11.54.48:390][198]LogModuleManager: Shutting down and abandoning module PluginBrowser (334)
[2019.05.22-11.54.48:390][198]LogModuleManager: Shutting down and abandoning module MobileLauncherProfileWizard (332)
[2019.05.22-11.54.48:390][198]LogModuleManager: Shutting down and abandoning module MaterialAnalyzer (330)
[2019.05.22-11.54.48:390][198]LogModuleManager: Shutting down and abandoning module CryptoKeysOpenSSL (328)
[2019.05.22-11.54.48:390][198]LogModuleManager: Shutting down and abandoning module CryptoKeys (326)
[2019.05.22-11.54.48:390][198]LogModuleManager: Shutting down and abandoning module VisualStudioSourceCodeAccess (324)
[2019.05.22-11.54.48:390][198]LogModuleManager: Shutting down and abandoning module VisualStudioCodeSourceCodeAccess (322)
[2019.05.22-11.54.48:390][198]LogModuleManager: Shutting down and abandoning module UObjectPlugin (320)
[2019.05.22-11.54.48:390][198]LogModuleManager: Shutting down and abandoning module SubversionSourceControl (318)
[2019.05.22-11.54.48:390][198]LogModuleManager: Shutting down and abandoning module PerforceSourceControl (316)
[2019.05.22-11.54.48:390][198]LogModuleManager: Shutting down and abandoning module GitSourceControl (314)
[2019.05.22-11.54.48:390][198]LogModuleManager: Shutting down and abandoning module SourceControl (313)
[2019.05.22-11.54.48:390][198]LogModuleManager: Shutting down and abandoning module CLionSourceCodeAccess (310)
[2019.05.22-11.54.48:390][198]LogModuleManager: Shutting down and abandoning module AnimationSharingEd (308)
[2019.05.22-11.54.48:390][198]LogModuleManager: Shutting down and abandoning module ActorLayerUtilitiesEditor (306)
[2019.05.22-11.54.48:390][198]LogModuleManager: Shutting down and abandoning module ActorLayerUtilities (304)
[2019.05.22-11.54.48:390][198]LogModuleManager: Shutting down and abandoning module LightPropagationVolumeEditor (302)
[2019.05.22-11.54.48:390][198]LogModuleManager: Shutting down and abandoning module PaperTiledImporter (300)
[2019.05.22-11.54.48:390][198]LogModuleManager: Shutting down and abandoning module PaperSpriteSheetImporter (298)
[2019.05.22-11.54.48:390][198]LogModuleManager: Shutting down and abandoning module Paper2DEditor (296)
[2019.05.22-11.54.48:390][198]LogModuleManager: Shutting down and abandoning module SignificanceManager (294)
[2019.05.22-11.54.48:390][198]LogModuleManager: Shutting down and abandoning module RuntimePhysXCooking (292)
[2019.05.22-11.54.48:390][198]LogModuleManager: Shutting down and abandoning module PhysXVehiclesEditor (290)
[2019.05.22-11.54.48:390][198]LogModuleManager: Shutting down and abandoning module PhysXVehicles (288)
[2019.05.22-11.54.48:390][198]LogModuleManager: Shutting down and abandoning module LocationServicesBPLibrary (286)
[2019.05.22-11.54.48:390][198]LogModuleManager: Shutting down and abandoning module ActorSequence (284)
[2019.05.22-11.54.48:390][198]LogModuleManager: Shutting down and abandoning module UdpMessaging (282)
[2019.05.22-11.54.48:492][198]LogModuleManager: Shutting down and abandoning module TcpMessaging (280)
[2019.05.22-11.54.48:592][198]LogModuleManager: Shutting down and abandoning module MagicLeapIdentity (278)
[2019.05.22-11.54.48:592][198]LogModuleManager: Shutting down and abandoning module MagicLeapSecureStorage (276)
[2019.05.22-11.54.48:592][198]LogModuleManager: Shutting down and abandoning module MagicLeapHandTracking (274)
[2019.05.22-11.54.48:592][198]LogModuleManager: Shutting down and abandoning module MagicLeapEyeTracker (272)
[2019.05.22-11.54.48:592][198]LogModuleManager: Shutting down and abandoning module MagicLeapController (270)
[2019.05.22-11.54.48:592][198]LogSlate: Slate User Destroyed.  User Index 0, Is Virtual User: 0
[2019.05.22-11.54.48:592][198]LogModuleManager: Shutting down and abandoning module MagicLeapAR (268)
[2019.05.22-11.54.48:592][198]LogModuleManager: Shutting down and abandoning module AugmentedReality (267)
[2019.05.22-11.54.48:592][198]LogModuleManager: Shutting down and abandoning module GameplayTagsEditor (264)
[2019.05.22-11.54.48:592][198]LogModuleManager: Shutting down and abandoning module FacialAnimationEditor (262)
[2019.05.22-11.54.48:592][198]LogModuleManager: Shutting down and abandoning module FacialAnimation (260)
[2019.05.22-11.54.48:592][198]LogModuleManager: Shutting down and abandoning module DataValidation (258)
[2019.05.22-11.54.48:592][198]LogModuleManager: Shutting down and abandoning module AssetManagerEditor (256)
[2019.05.22-11.54.48:592][198]LogModuleManager: Shutting down and abandoning module LevelEditor (255)
[2019.05.22-11.54.48:593][198]LogModuleManager: Shutting down and abandoning module PixelInspectorModule (254)
[2019.05.22-11.54.48:593][198]LogModuleManager: Shutting down and abandoning module CommonMenuExtensions (252)
[2019.05.22-11.54.48:593][198]LogModuleManager: Shutting down and abandoning module MainFrame (250)
[2019.05.22-11.54.48:593][198]LogModuleManager: Shutting down and abandoning module HotReload (249)
[2019.05.22-11.54.48:593][198]LogModuleManager: Shutting down and abandoning module ContentBrowser (245)
[2019.05.22-11.54.48:594][198]LogModuleManager: Shutting down and abandoning module TreeMap (243)
[2019.05.22-11.54.48:594][198]LogModuleManager: Shutting down and abandoning module AnimationSharing (240)
[2019.05.22-11.54.48:594][198]LogModuleManager: Shutting down and abandoning module LightPropagationVolumeRuntime (238)
[2019.05.22-11.54.48:594][198]LogModuleManager: Shutting down and abandoning module AISupportModule (236)
[2019.05.22-11.54.48:594][198]LogModuleManager: Shutting down and abandoning module Paper2D (234)
[2019.05.22-11.54.48:594][198]LogModuleManager: Shutting down and abandoning module WindowsMoviePlayer (232)
[2019.05.22-11.54.48:594][198]LogModuleManager: Shutting down and abandoning module WebMMoviePlayer (230)
[2019.05.22-11.54.48:594][198]LogModuleManager: Shutting down and abandoning module PacketHandler (228)
[2019.05.22-11.54.48:594][198]LogModuleManager: Shutting down and abandoning module ClothingSystemEditor (226)
[2019.05.22-11.54.48:594][198]LogModuleManager: Shutting down and abandoning module ClothingSystemRuntime (224)
[2019.05.22-11.54.48:594][198]LogModuleManager: Shutting down and abandoning module MediaAssets (222)
[2019.05.22-11.54.48:594][198]LogModuleManager: Shutting down and abandoning module Overlay (220)
[2019.05.22-11.54.48:594][198]LogModuleManager: Shutting down and abandoning module OverlayEditor (219)
[2019.05.22-11.54.48:594][198]LogModuleManager: Shutting down and abandoning module VREditor (216)
[2019.05.22-11.54.48:594][198]LogModuleManager: Shutting down and abandoning module StringTableEditor (214)
[2019.05.22-11.54.48:594][198]LogModuleManager: Shutting down and abandoning module GameplayTasksEditor (212)
[2019.05.22-11.54.48:594][198]LogModuleManager: Shutting down and abandoning module BehaviorTreeEditor (210)
[2019.05.22-11.54.48:594][198]LogModuleManager: Shutting down and abandoning module FunctionalTesting (208)
[2019.05.22-11.54.48:594][198]LogModuleManager: Shutting down and abandoning module CollisionAnalyzer (206)
[2019.05.22-11.54.48:594][198]LogModuleManager: Shutting down and abandoning module WorkspaceMenuStructure (205)
[2019.05.22-11.54.48:594][198]LogModuleManager: Shutting down and abandoning module UMG (202)
[2019.05.22-11.54.48:594][198]LogModuleManager: Shutting down and abandoning module UMGEditor (201)
[2019.05.22-11.54.48:595][198]LogModuleManager: Shutting down and abandoning module Sequencer (200)
[2019.05.22-11.54.48:595][198]LogModuleManager: Shutting down and abandoning module MessageLog (197)
[2019.05.22-11.54.48:595][198]LogModuleManager: Shutting down and abandoning module SlateReflector (192)
[2019.05.22-11.54.48:595][198]LogModuleManager: Shutting down and abandoning module Slate (190)
[2019.05.22-11.54.48:595][198]LogModuleManager: Shutting down and abandoning module EditorStyle (188)
[2019.05.22-11.54.48:596][198]LogModuleManager: Shutting down and abandoning module UnrealEd (186)
[2019.05.22-11.54.48:596][198]LogModuleManager: Shutting down and abandoning module MRMesh (184)
[2019.05.22-11.54.48:596][198]LogModuleManager: Shutting down and abandoning module SourceCodeAccess (182)
[2019.05.22-11.54.48:596][198]LogModuleManager: Shutting down and abandoning module HeadMountedDisplay (180)
[2019.05.22-11.54.48:596][198]LogModuleManager: Shutting down and abandoning module XAudio2 (178)
[2019.05.22-11.54.48:596][198]LogModuleManager: Shutting down and abandoning module Networking (176)
[2019.05.22-11.54.48:596][198]LogModuleManager: Shutting down and abandoning module Core (174)
[2019.05.22-11.54.48:596][198]LogModuleManager: Shutting down and abandoning module KismetCompiler (172)
[2019.05.22-11.54.48:596][198]LogModuleManager: Shutting down and abandoning module MeshUtilities (170)
[2019.05.22-11.54.48:596][198]LogModuleManager: Shutting down and abandoning module MeshMergeUtilities (169)
[2019.05.22-11.54.48:596][198]LogModuleManager: Shutting down and abandoning module MeshReductionInterface (168)
[2019.05.22-11.54.48:596][198]LogModuleManager: Shutting down and abandoning module SkeletalMeshReduction (167)
[2019.05.22-11.54.48:596][198]LogModuleManager: Shutting down and abandoning module ProxyLODMeshReduction (165)
[2019.05.22-11.54.48:596][198]LogModuleManager: Shutting down and abandoning module QuadricMeshReduction (163)
[2019.05.22-11.54.48:596][198]LogModuleManager: Shutting down and abandoning module MaterialBaking (159)
[2019.05.22-11.54.48:596][198]LogModuleManager: Shutting down and abandoning module DerivedDataCache (154)
[2019.05.22-11.54.48:604][198]LogDerivedDataCache: Shutdown
[2019.05.22-11.54.48:604][198]LogModuleManager: Shutting down and abandoning module XGEController (152)
[2019.05.22-11.54.48:604][198]LogModuleManager: Shutting down and abandoning module TargetPlatform (150)
[2019.05.22-11.54.48:604][198]LogModuleManager: Shutting down and abandoning module VulkanShaderFormat (149)
[2019.05.22-11.54.48:604][198]LogModuleManager: Shutting down and abandoning module ShaderFormatVectorVM (147)
[2019.05.22-11.54.48:604][198]LogModuleManager: Shutting down and abandoning module ShaderFormatOpenGL (145)
[2019.05.22-11.54.48:604][198]LogModuleManager: Shutting down and abandoning module ShaderFormatD3D (143)
[2019.05.22-11.54.48:604][198]LogModuleManager: Shutting down and abandoning module MetalShaderFormat (141)
[2019.05.22-11.54.48:604][198]LogModuleManager: Shutting down and abandoning module TextureFormatUncompressed (139)
[2019.05.22-11.54.48:604][198]LogModuleManager: Shutting down and abandoning module TextureFormatPVR (137)
[2019.05.22-11.54.48:604][198]LogModuleManager: Shutting down and abandoning module TextureFormatDXT (135)
[2019.05.22-11.54.48:604][198]LogModuleManager: Shutting down and abandoning module TextureFormatIntelISPCTexComp (133)
[2019.05.22-11.54.48:605][198]LogModuleManager: Shutting down and abandoning module TextureFormatASTC (131)
[2019.05.22-11.54.48:605][198]LogModuleManager: Shutting down and abandoning module ImageWrapper (130)
[2019.05.22-11.54.48:605][198]LogModuleManager: Shutting down and abandoning module TextureFormatAndroid (127)
[2019.05.22-11.54.48:605][198]LogModuleManager: Shutting down and abandoning module AudioFormatOpus (125)
[2019.05.22-11.54.48:605][198]LogModuleManager: Shutting down and abandoning module AudioFormatOgg (123)
[2019.05.22-11.54.48:605][198]LogModuleManager: Shutting down and abandoning module AudioFormatADPCM (121)
[2019.05.22-11.54.48:605][198]LogModuleManager: Shutting down and abandoning module LuminTargetPlatform (119)
[2019.05.22-11.54.48:605][198]LogModuleManager: Shutting down and abandoning module LinuxTargetPlatform (117)
[2019.05.22-11.54.48:605][198]LogModuleManager: Shutting down and abandoning module LinuxServerTargetPlatform (115)
[2019.05.22-11.54.48:605][198]LogModuleManager: Shutting down and abandoning module LinuxNoEditorTargetPlatform (113)
[2019.05.22-11.54.48:605][198]LogModuleManager: Shutting down and abandoning module LinuxClientTargetPlatform (111)
[2019.05.22-11.54.48:605][198]LogModuleManager: Shutting down and abandoning module TVOSTargetPlatform (109)
[2019.05.22-11.54.48:606][198]LogModuleManager: Shutting down and abandoning module Messaging (107)
[2019.05.22-11.54.48:606][198]LogModuleManager: Shutting down and abandoning module IOSTargetPlatform (105)
[2019.05.22-11.54.48:607][198]LogModuleManager: Shutting down and abandoning module HTML5TargetPlatform (103)
[2019.05.22-11.54.48:607][198]LogModuleManager: Shutting down and abandoning module AndroidTargetPlatform (101)
[2019.05.22-11.54.48:616][198]LogModuleManager: Shutting down and abandoning module WindowsTargetPlatform (99)
[2019.05.22-11.54.48:616][198]LogModuleManager: Shutting down and abandoning module WindowsServerTargetPlatform (97)
[2019.05.22-11.54.48:616][198]LogModuleManager: Shutting down and abandoning module WindowsNoEditorTargetPlatform (95)
[2019.05.22-11.54.48:616][198]LogModuleManager: Shutting down and abandoning module WindowsClientTargetPlatform (93)
[2019.05.22-11.54.48:617][198]LogModuleManager: Shutting down and abandoning module MacTargetPlatform (91)
[2019.05.22-11.54.48:617][198]LogModuleManager: Shutting down and abandoning module MacServerTargetPlatform (89)
[2019.05.22-11.54.48:617][198]LogModuleManager: Shutting down and abandoning module MacNoEditorTargetPlatform (87)
[2019.05.22-11.54.48:617][198]LogModuleManager: Shutting down and abandoning module MacClientTargetPlatform (85)
[2019.05.22-11.54.48:617][198]LogModuleManager: Shutting down and abandoning module AllDesktopTargetPlatform (83)
[2019.05.22-11.54.48:617][198]LogModuleManager: Shutting down and abandoning module InputCore (80)
[2019.05.22-11.54.48:617][198]LogModuleManager: Shutting down and abandoning module Settings (78)
[2019.05.22-11.54.48:617][198]LogModuleManager: Shutting down and abandoning module DirectoryWatcher (76)
[2019.05.22-11.54.48:617][198]LogModuleManager: Shutting down and abandoning module PhysXCooking (74)
[2019.05.22-11.54.48:617][198]LogModuleManager: Shutting down and abandoning module SteamVR (72)
[2019.05.22-11.54.48:617][198]LogHMD: Freeing OpenVRDLLHandle.
[2019.05.22-11.54.48:617][198]LogModuleManager: Shutting down and abandoning module OculusHMD (70)
[2019.05.22-11.54.48:617][198]LogModuleManager: Shutting down and abandoning module ExampleDeviceProfileSelector (68)
[2019.05.22-11.54.48:617][198]LogModuleManager: Shutting down and abandoning module LauncherChunkInstaller (66)
[2019.05.22-11.54.48:617][198]LogModuleManager: Shutting down and abandoning module OnlineBlueprintSupport (64)
[2019.05.22-11.54.48:617][198]LogModuleManager: Shutting down and abandoning module OnlineSubsystem (60)
[2019.05.22-11.54.48:618][198]LogModuleManager: Shutting down and abandoning module XMPP (55)
[2019.05.22-11.54.48:618][198]LogModuleManager: Shutting down and abandoning module WebSockets (54)
[2019.05.22-11.54.48:650][198]LogModuleManager: Shutting down and abandoning module HTTP (51)
[2019.05.22-11.54.48:650][198]LogHttp: Display: Http module shutting down, but needs to wait on 1 outstanding Http requests:
[2019.05.22-11.54.48:650][198]LogHttp: Display: 	verb=[POST] url=[https://datarouter.ol.epicgames.com/datarouter/api/v1/public/data?SessionID=%7B2FE3D3DB-4FA7-A729-560A-1289F75387CB%7D&AppID=UEEditor.Rocket.Release&AppVersion=4.22.1-6063286%2B%2B%2BUE4%2BRelease-4.22&UserID=583cd33d47c5c66edef2e9a987962156%7C8340f2ded0c8416aa5fade614c7758e5%7Cd58ced01-5a91-4dc0-b499-23ec11940e00&AppEnvironment=datacollector-binary&UploadType=eteventstream] status=Processing
[2019.05.22-11.54.48:651][198]LogModuleManager: Shutting down and abandoning module SSL (50)
[2019.05.22-11.54.48:652][198]LogModuleManager: Shutting down and abandoning module WmfMedia (46)
[2019.05.22-11.54.48:654][198]LogModuleManager: Shutting down and abandoning module Media (45)
[2019.05.22-11.54.48:660][198]LogModuleManager: Shutting down and abandoning module MagicLeap (42)
[2019.05.22-11.54.48:660][198]LogModuleManager: Shutting down and abandoning module DatasmithContent (40)
[2019.05.22-11.54.48:660][198]LogModuleManager: Shutting down and abandoning module AnimationModifiers (38)
[2019.05.22-11.54.48:660][198]LogModuleManager: Shutting down and abandoning module PropertyEditor (37)
[2019.05.22-11.54.48:660][198]LogModuleManager: Shutting down and abandoning module AudioEditor (34)
[2019.05.22-11.54.48:660][198]LogModuleManager: Shutting down and abandoning module TextureCompressor (32)
[2019.05.22-11.54.48:660][198]LogModuleManager: Shutting down and abandoning module RenderCore (30)
[2019.05.22-11.54.48:660][198]LogModuleManager: Shutting down and abandoning module Landscape (28)
[2019.05.22-11.54.48:660][198]LogModuleManager: Shutting down and abandoning module SlateRHIRenderer (26)
[2019.05.22-11.54.48:661][198]LogModuleManager: Shutting down and abandoning module OpenGLDrv (24)
[2019.05.22-11.54.48:661][198]LogModuleManager: Shutting down and abandoning module D3D11RHI (22)
[2019.05.22-11.54.48:661][198]LogModuleManager: Shutting down and abandoning module AnimGraphRuntime (20)
[2019.05.22-11.54.48:661][198]LogModuleManager: Shutting down and abandoning module Renderer (18)
[2019.05.22-11.54.48:661][198]LogModuleManager: Shutting down and abandoning module Engine (16)
[2019.05.22-11.54.48:661][198]LogModuleManager: Shutting down and abandoning module CoreUObject (14)
[2019.05.22-11.54.48:661][198]LogModuleManager: Shutting down and abandoning module NetworkFile (12)
[2019.05.22-11.54.48:661][198]LogModuleManager: Shutting down and abandoning module CookedIterativeFile (10)
[2019.05.22-11.54.48:661][198]LogModuleManager: Shutting down and abandoning module StreamingFile (8)
[2019.05.22-11.54.48:661][198]LogModuleManager: Shutting down and abandoning module SandboxFile (6)
[2019.05.22-11.54.48:661][198]LogModuleManager: Shutting down and abandoning module PakFile (4)
[2019.05.22-11.54.48:661][198]LogModuleManager: Shutting down and abandoning module RSA (3)
[2019.05.22-11.54.48:667][198]LogExit: Exiting.
[2019.05.22-11.54.48:669][198]Log file closed, 05/22/19 13:54:48
